DEBUG: 14:42:34 请求路径: /api/v1/login  请求方法：POST 
DEBUG: 14:43:12 请求路径: /api/vxxxxxx1/loginxc  请求方法：POST 
DEBUG: 14:43:58 请求路径: /api/vxxxxxx1/loginxc  请求方法：POST 
DEBUG: 14:47:09 请求路径: /api/v1/login  请求方法：POST 
DEBUG: 14:47:22 请求路径: /api/xxxxv1/login  请求方法：POST 
DEBUG: 14:47:40 请求路径: /api/xxxxv1/login  请求方法：POST 
DEBUG: 14:47:54 请求路径: /api/xxxxv1/login  请求方法：POST 
DEBUG: 14:47:59 请求路径: /api/xxxxv1/login  请求方法：POST 
DEBUG: 14:58:33 请求路径: /api/xxxxv1/login  请求方法：POST 
DEBUG: 15:00:11 请求路径: /api/xxxxv1/login  请求方法：POST 
DEBUG: 15:01:00 请求路径: /api/xxxxv1/login  请求方法：POST 
DEBUG: 15:01:05 请求路径: /api/xxxxv1/login  请求方法：POST 
DEBUG: 15:01:26 请求路径: /api/xxxxv1/login  请求方法：POST 
DEBUG: 15:12:41 请求路径: /api/xxxxv1/login  请求方法：POST 
DEBUG: 15:12:54 请求路径: /api/v1/login  请求方法：POST 
DEBUG: 15:13:10 请求路径: /api/v1/login  请求方法：POST 
DEBUG: 15:13:16 请求路径: /api/v1/login  请求方法：POST 
DEBUG: 15:13:25 请求路径: /api/v1/login  请求方法：POST 
DEBUG: 15:14:14 请求路径: /api/v1/login  请求方法：POST 
DEBUG: 15:14:20 请求路径: /api/v1/login  请求方法：POST 
DEBUG: 15:14:37 请求路径: /api/v1/login  请求方法：POST 
DEBUG: 15:14:45 请求路径: /api/vc1/login  请求方法：POST 
DEBUG: 15:15:03 请求路径: /api/vc1/login  请求方法：POST 
DEBUG: 15:15:08 请求路径: /api/vc1/login  请求方法：POST 
DEBUG: 15:16:44 请求路径: /api/v1/login  请求方法：POST 
DEBUG: 15:18:03 请求路径: /api/v1/login  请求方法：POST 
DEBUG: 15:18:09 请求路径: /api/v1/login  请求方法：POST 
DEBUG: 15:18:49 请求路径: /api/v1/login  请求方法：POST 
DEBUG: 15:25:16 请求路径: /api/v1/login  请求方法：POST 
DEBUG: 15:25:48 请求路径: /api/v1/login  请求方法：POST 
DEBUG: 15:27:02 请求路径: /api/v1/login  请求方法：POST 
DEBUG: 15:27:08 请求路径: /api/v1/login  请求方法：POST 
DEBUG: 15:27:20 请求路径: /api/v1/login  请求方法：POST 
DEBUG: 15:27:28 请求路径: /api/v1c/login  请求方法：POST 
DEBUG: 15:27:32 请求路径: /api/v1/login  请求方法：POST 
DEBUG: 15:27:43 请求路径: /api/vv1/login  请求方法：POST 
DEBUG: 15:27:47 请求路径: /api/vv1/login  请求方法：POST 
DEBUG: 15:27:51 请求路径: /api/vv1/login  请求方法：POST 
DEBUG: 15:27:55 请求路径: /api/vv1/login  请求方法：POST 
DEBUG: 15:39:02 请求路径: /api/v1/login  请求方法：POST 
DEBUG: 15:39:06 请求路径: /api/v1/login  请求方法：POST 
DEBUG: 15:39:10 请求路径: /api/v1/login  请求方法：POST 
DEBUG: 15:39:40 请求路径: /api/v1/login  请求方法：POST 
DEBUG: 15:39:43 请求路径: /api/v1/login  请求方法：POST 
DEBUG: 15:39:46 请求路径: /api/v1/login  请求方法：POST 
DEBUG: 15:39:49 请求路径: /api/v1/login  请求方法：POST 
DEBUG: 15:39:52 请求路径: /api/v1/login  请求方法：POST 
DEBUG: 15:41:17 请求路径: /api/v1/login  请求方法：POST 
DEBUG: 15:41:20 请求路径: /api/v1/login  请求方法：POST 
DEBUG: 15:41:26 请求路径: /api/v1/login  请求方法：POST 
DEBUG: 15:41:27 登录请求发生错误： 账号或登录密码不正确，请重新输入
DEBUG: 15:41:35 请求路径: /api/v1/login  请求方法：POST 
DEBUG: 15:41:36 登录请求发生错误： 账号或登录密码不正确，请重新输入
DEBUG: 15:41:39 请求路径: /api/v1/login  请求方法：POST 
DEBUG: 15:41:40 登录请求发生错误： 账号或登录密码不正确，请重新输入
DEBUG: 15:42:23 请求路径: /api/v1/login  请求方法：POST 
DEBUG: 15:42:24 登录请求发生错误： 账号或登录密码不正确，请重新输入
DEBUG: 15:42:25 请求路径: /api/v1/login  请求方法：POST 
DEBUG: 15:42:25 登录请求发生错误： 账号或登录密码不正确，请重新输入
DEBUG: 15:42:26 请求路径: /api/v1/login  请求方法：POST 
DEBUG: 15:42:27 登录请求发生错误： 账号或登录密码不正确，请重新输入
DEBUG: 15:42:33 请求路径: /api/v1/login  请求方法：POST 
DEBUG: 15:42:34 登录请求发生错误： 账号或登录密码不正确，请重新输入
DEBUG: 15:42:35 请求路径: /api/v1/login  请求方法：POST 
DEBUG: 15:42:35 登录请求发生错误： 账号或登录密码不正确，请重新输入
DEBUG: 15:46:12 登录请求发生错误： 账号或登录密码不正确，请重新输入
DEBUG: 15:46:15 登录请求发生错误： 账号或登录密码不正确，请重新输入
DEBUG: 15:46:17 登录请求发生错误： 账号或登录密码不正确，请重新输入
DEBUG: 15:46:22 登录请求发生错误： 账号或登录密码不正确，请重新输入
DEBUG: 15:50:10 登录请求发生错误： 账号或登录密码不正确，请重新输入
DEBUG: 15:50:13 登录请求发生错误： 账号或登录密码不正确，请重新输入
DEBUG: 16:33:05 请求路径: /api/v1/login  请求方法：POST 
DEBUG: 16:33:11 请求路径: /api/v1/login  请求方法：POST 
DEBUG: 16:33:15 请求路径: /api/v1/login  请求方法：POST 
DEBUG: 16:33:18 请求路径: /api/v1/login  请求方法：POST 
DEBUG: 16:33:26 请求路径: /api/v1/login  请求方法：POST 
DEBUG: 16:33:37 请求路径: /api/v1/login  请求方法：POST 
DEBUG: 16:33:57 请求路径: /api/v1/login  请求方法：POST 
DEBUG: 16:34:59 请求路径: /api/v1/login  请求方法：POST 
DEBUG: 16:35:04 请求路径: /api/v1/login  请求方法：POST 
DEBUG: 16:35:11 请求路径: /api/v1/login  请求方法：POST 
DEBUG: 16:35:19 请求路径: /api/v1/login  请求方法：POST 
DEBUG: 16:35:33 请求路径: /api/v1/login  请求方法：POST 
DEBUG: 16:35:36 请求路径: /api/v1/login  请求方法：POST 
DEBUG: 16:36:08 请求路径: /api/v1/login  请求方法：POST 
DEBUG: 16:36:10 请求路径: /api/v1/login  请求方法：POST 
DEBUG: 16:36:13 请求路径: /api/v1/login  请求方法：POST 
DEBUG: 16:36:15 请求路径: /api/v1/login  请求方法：POST 
DEBUG: 16:39:10 请求路径: /api/v1/login  请求方法：POST 
DEBUG: 16:39:14 请求路径: /api/v1/login  请求方法：POST 
DEBUG: 16:39:16 请求路径: /api/v1/login  请求方法：POST 
DEBUG: 16:40:07 请求路径: /api/vx1/login  请求方法：POST 
DEBUG: 11:41:42 请求路径: /  请求方法：GET 
DEBUG: 11:41:43 请求路径: /favicon.ico  请求方法：GET 
DEBUG: 11:56:20 请求路径: /  请求方法：GET 
DEBUG: 11:56:21 请求路径: /favicon.ico  请求方法：GET 
DEBUG: 11:57:06 请求路径: /  请求方法：GET 
DEBUG: 12:04:18 请求路径: /  请求方法：GET 
DEBUG: 14:01:59 请求路径: /  请求方法：GET 
DEBUG: 14:06:58 请求路径: /  请求方法：GET 
DEBUG: 14:10:39 请求路径: /  请求方法：GET 
DEBUG: 14:11:31 请求路径: /  请求方法：GET 
DEBUG: 14:11:46 请求路径: /  请求方法：GET 
DEBUG: 14:12:14 请求路径: /  请求方法：GET 
DEBUG: 14:12:36 请求路径: /  请求方法：GET 
DEBUG: 14:23:10 请求路径: /  请求方法：GET 
DEBUG: 14:23:31 请求路径: /api/v1/login  请求方法：POST 
DEBUG: 14:23:31 登录请求发生错误： Post http://127.0.0.1:7001/api/v1/login: dial tcp 127.0.0.1:7001: connect: connection refused
DEBUG: 14:29:40 请求路径: /api/v1/login  请求方法：POST 
DEBUG: 14:29:40 登录请求发生错误： Post http://127.0.0.1:7001/api/v1/login: dial tcp 127.0.0.1:7001: connect: connection refused
DEBUG: 14:29:56 请求路径: /api/v1/login  请求方法：POST 
DEBUG: 14:30:00 请求路径: /api/v1/login  请求方法：POST 
DEBUG: 14:30:04 请求路径: /api/v1/login  请求方法：POST 
DEBUG: 14:30:11 请求路径: /api/v1/login  请求方法：PUT 
DEBUG: 14:30:21 请求路径: /api/v1/login  请求方法：PATCH 
DEBUG: 14:30:27 请求路径: /api/v1/login  请求方法：POST 
DEBUG: 14:30:37 请求路径: /api/v1/loginc  请求方法：POST 
DEBUG: 14:30:48 请求路径: /api/v1/logincsaascas  请求方法：POST 
DEBUG: 14:34:01 请求路径: /api/v1/logincsaascas  请求方法：POST 
DEBUG: 14:34:06 请求路径: /api/v1/logincsaascas  请求方法：POST 
DEBUG: 14:34:11 请求路径: /api/v1/login  请求方法：POST 
DEBUG: 14:34:19 请求路径: /api/v1/logins  请求方法：POST 
DEBUG: 14:34:26 请求路径: /api/v1/login/  请求方法：POST 
DEBUG: 14:34:49 请求路径: /  请求方法：GET 
DEBUG: 14:34:54 请求路径: /  请求方法：PUT 
DEBUG: 14:35:31 请求路径: /  请求方法：PUT 
DEBUG: 14:35:37 请求路径: /  请求方法：POST 
DEBUG: 15:02:50 请求路径: /api/v1/login/  请求方法：POST 
DEBUG: 15:02:53 请求路径: /api/v1/login/  请求方法：POST 
DEBUG: 15:02:56 请求路径: /api/v1/login/  请求方法：POST 
DEBUG: 15:02:59 请求路径: /api/v1/login/  请求方法：POST 
DEBUG: 15:25:23 请求路径: /  请求方法：POST 
DEBUG: 15:25:36 请求路径: /  请求方法：POST 
DEBUG: 15:26:36 请求路径: /  请求方法：POST 
DEBUG: 15:26:42 请求路径: /  请求方法：GET 
DEBUG: 15:26:51 请求路径: /  请求方法：POST 
DEBUG: 15:27:02 请求路径: /  请求方法：GET 
DEBUG: 15:27:08 请求路径: /  请求方法：GET 
DEBUG: 15:27:10 请求路径: /x  请求方法：GET 
DEBUG: 16:15:14 请求路径: /  请求方法：GET 
DEBUG: 16:15:23 请求路径: /account  请求方法：GET 
DEBUG: 16:16:41 请求路径: /account  请求方法：GET 
DEBUG: 16:16:45 请求路径: /account  请求方法：GET 
DEBUG: 16:16:59 请求路径: /account  请求方法：GET 
DEBUG: 16:18:30 请求路径: /account  请求方法：GET 
DEBUG: 16:19:59 请求路径: /account  请求方法：GET 
DEBUG: 16:20:23 请求路径: /account  请求方法：GET 
DEBUG: 16:21:01 请求路径: /account  请求方法：GET 
DEBUG: 16:22:05 请求路径: /account  请求方法：GET 
DEBUG: 16:23:25 请求路径: /account  请求方法：GET 
DEBUG: 16:27:08 请求路径: /account  请求方法：GET 
DEBUG: 16:28:30 请求路径: /account  请求方法：GET 
DEBUG: 16:30:00 请求路径: /account  请求方法：GET 
DEBUG: 16:31:11 请求路径: /account  请求方法：GET 
DEBUG: 16:31:20 请求路径: /account  请求方法：GET 
DEBUG: 16:40:51 请求路径: /account  请求方法：GET 
DEBUG: 16:41:44 请求路径: /account  请求方法：GET 
DEBUG: 16:42:12 请求路径: /account  请求方法：GET 
DEBUG: 16:42:58 请求路径: /account  请求方法：GET 
DEBUG: 16:59:56 请求路径: /account  请求方法：GET 
DEBUG: 17:10:37 请求路径: /account  请求方法：GET 
DEBUG: 17:11:26 请求路径: /account  请求方法：GET 
DEBUG: 17:37:18 请求路径: /  请求方法：GET 
DEBUG: 17:37:30 请求路径: /account  请求方法：GET 
DEBUG: 17:37:43 请求路径: /account  请求方法：GET 
DEBUG: 17:42:58 请求路径: /account  请求方法：GET 
DEBUG: 17:43:02 请求路径: /account  请求方法：GET 
DEBUG: 17:46:53 请求路径: /account  请求方法：GET 
DEBUG: 17:47:17 请求路径: /account  请求方法：GET 
DEBUG: 17:48:04 请求路径: /account  请求方法：GET 
DEBUG: 17:51:25 请求路径: /account  请求方法：GET 
DEBUG: 17:53:10 请求路径: /account  请求方法：GET 
DEBUG: 18:06:00 请求路径: /  请求方法：GET 
DEBUG: 18:06:01 请求路径: /favicon.ico  请求方法：GET 
DEBUG: 18:06:09 请求路径: /proxy  请求方法：GET 
DEBUG: 18:06:09 请求路径: /favicon.ico  请求方法：GET 
DEBUG: 18:07:02 请求路径: /proxy  请求方法：GET 
DEBUG: 18:07:02 请求路径: /proxy  请求方法：GET 
DEBUG: 18:07:02 请求路径: /proxy  请求方法：GET 
DEBUG: 18:07:02 请求路径: /proxy  请求方法：GET 
DEBUG: 18:07:02 请求路径: /proxy  请求方法：GET 
DEBUG: 18:07:02 请求路径: /proxy  请求方法：GET 
DEBUG: 18:07:02 请求路径: /proxy  请求方法：GET 
DEBUG: 18:07:02 请求路径: /proxy  请求方法：GET 
DEBUG: 18:07:02 请求路径: /proxy  请求方法：GET 
DEBUG: 18:07:02 请求路径: /proxy  请求方法：GET 
DEBUG: 18:07:02 请求路径: /proxy  请求方法：GET 
DEBUG: 18:07:02 请求路径: /proxy  请求方法：GET 
DEBUG: 18:07:02 请求路径: /proxy  请求方法：GET 
DEBUG: 18:07:02 请求路径: /proxy  请求方法：GET 
DEBUG: 18:07:02 请求路径: /proxy  请求方法：GET 
DEBUG: 18:07:02 请求路径: /proxy  请求方法：GET 
DEBUG: 18:07:02 请求路径: /proxy  请求方法：GET 
DEBUG: 18:07:02 请求路径: /proxy  请求方法：GET 
DEBUG: 18:07:02 请求路径: /proxy  请求方法：GET 
DEBUG: 18:07:02 请求路径: /proxy  请求方法：GET 
DEBUG: 18:07:02 请求路径: /proxy  请求方法：GET 
DEBUG: 18:07:02 请求路径: /proxy  请求方法：GET 
DEBUG: 18:07:02 请求路径: /proxy  请求方法：GET 
DEBUG: 18:07:02 请求路径: /proxy  请求方法：GET 
DEBUG: 18:07:02 请求路径: /proxy  请求方法：GET 
DEBUG: 18:07:02 请求路径: /proxy  请求方法：GET 
DEBUG: 18:07:02 请求路径: /proxy  请求方法：GET 
DEBUG: 18:07:02 请求路径: /proxy  请求方法：GET 
DEBUG: 18:07:02 请求路径: /proxy  请求方法：GET 
DEBUG: 18:07:02 请求路径: /proxy  请求方法：GET 
DEBUG: 18:07:02 请求路径: /proxy  请求方法：GET 
DEBUG: 18:07:02 请求路径: /proxy  请求方法：GET 
DEBUG: 18:07:02 请求路径: /proxy  请求方法：GET 
DEBUG: 18:07:02 请求路径: /proxy  请求方法：GET 
DEBUG: 18:07:02 请求路径: /proxy  请求方法：GET 
DEBUG: 18:07:02 请求路径: /proxy  请求方法：GET 
DEBUG: 18:07:02 请求路径: /proxy  请求方法：GET 
DEBUG: 18:07:02 请求路径: /proxy  请求方法：GET 
DEBUG: 18:07:02 请求路径: /proxy  请求方法：GET 
DEBUG: 18:07:02 请求路径: /proxy  请求方法：GET 
DEBUG: 18:07:02 请求路径: /proxy  请求方法：GET 
DEBUG: 18:07:02 请求路径: /proxy  请求方法：GET 
DEBUG: 18:07:02 请求路径: /proxy  请求方法：GET 
DEBUG: 18:07:02 请求路径: /proxy  请求方法：GET 
DEBUG: 18:07:02 请求路径: /proxy  请求方法：GET 
DEBUG: 18:07:02 请求路径: /proxy  请求方法：GET 
DEBUG: 18:07:02 请求路径: /proxy  请求方法：GET 
DEBUG: 18:07:02 请求路径: /proxy  请求方法：GET 
DEBUG: 18:07:02 请求路径: /proxy  请求方法：GET 
DEBUG: 18:07:02 请求路径: /proxy  请求方法：GET 
DEBUG: 18:07:02 请求路径: /proxy  请求方法：GET 
DEBUG: 18:07:02 请求路径: /proxy  请求方法：GET 
DEBUG: 18:07:02 请求路径: /proxy  请求方法：GET 
DEBUG: 18:07:02 请求路径: /proxy  请求方法：GET 
DEBUG: 18:07:02 请求路径: /proxy  请求方法：GET 
DEBUG: 18:07:02 请求路径: /proxy  请求方法：GET 
DEBUG: 18:07:02 请求路径: /proxy  请求方法：GET 
DEBUG: 18:07:02 请求路径: /proxy  请求方法：GET 
DEBUG: 18:07:02 请求路径: /proxy  请求方法：GET 
DEBUG: 18:07:02 请求路径: /proxy  请求方法：GET 
DEBUG: 18:07:02 请求路径: /proxy  请求方法：GET 
DEBUG: 18:07:02 请求路径: /proxy  请求方法：GET 
DEBUG: 18:07:02 请求路径: /proxy  请求方法：GET 
DEBUG: 18:07:02 请求路径: /proxy  请求方法：GET 
DEBUG: 18:07:02 请求路径: /proxy  请求方法：GET 
DEBUG: 18:07:02 请求路径: /proxy  请求方法：GET 
DEBUG: 18:07:02 请求路径: /proxy  请求方法：GET 
DEBUG: 18:07:02 请求路径: /proxy  请求方法：GET 
DEBUG: 18:07:02 请求路径: /proxy  请求方法：GET 
DEBUG: 18:07:02 请求路径: /proxy  请求方法：GET 
DEBUG: 18:07:02 请求路径: /proxy  请求方法：GET 
DEBUG: 18:07:02 请求路径: /proxy  请求方法：GET 
DEBUG: 18:07:02 请求路径: /proxy  请求方法：GET 
DEBUG: 18:07:02 请求路径: /proxy  请求方法：GET 
DEBUG: 18:07:02 请求路径: /proxy  请求方法：GET 
DEBUG: 18:07:02 请求路径: /proxy  请求方法：GET 
DEBUG: 18:07:02 请求路径: /proxy  请求方法：GET 
DEBUG: 18:07:02 请求路径: /proxy  请求方法：GET 
DEBUG: 18:07:02 请求路径: /proxy  请求方法：GET 
DEBUG: 18:07:02 请求路径: /proxy  请求方法：GET 
DEBUG: 18:07:02 请求路径: /proxy  请求方法：GET 
DEBUG: 18:07:02 请求路径: /proxy  请求方法：GET 
DEBUG: 18:07:02 请求路径: /proxy  请求方法：GET 
DEBUG: 18:07:02 请求路径: /proxy  请求方法：GET 
DEBUG: 18:07:02 请求路径: /proxy  请求方法：GET 
DEBUG: 18:07:02 请求路径: /proxy  请求方法：GET 
DEBUG: 18:07:02 请求路径: /proxy  请求方法：GET 
DEBUG: 18:07:02 请求路径: /proxy  请求方法：GET 
DEBUG: 18:07:02 请求路径: /proxy  请求方法：GET 
DEBUG: 18:07:02 请求路径: /proxy  请求方法：GET 
DEBUG: 18:07:02 请求路径: /proxy  请求方法：GET 
DEBUG: 18:07:02 请求路径: /proxy  请求方法：GET 
DEBUG: 18:07:02 请求路径: /proxy  请求方法：GET 
DEBUG: 18:07:02 请求路径: /proxy  请求方法：GET 
DEBUG: 18:07:02 请求路径: /proxy  请求方法：GET 
DEBUG: 18:07:02 请求路径: /proxy  请求方法：GET 
DEBUG: 18:07:02 请求路径: /proxy  请求方法：GET 
DEBUG: 18:07:02 请求路径: /proxy  请求方法：GET 
DEBUG: 18:07:02 请求路径: /proxy  请求方法：GET 
DEBUG: 18:07:02 请求路径: /proxy  请求方法：GET 
DEBUG: 18:07:02 请求路径: /proxy  请求方法：GET 
DEBUG: 18:07:02 请求路径: /proxy  请求方法：GET 
DEBUG: 18:07:02 请求路径: /proxy  请求方法：GET 
DEBUG: 18:07:02 请求路径: /proxy  请求方法：GET 
DEBUG: 18:07:02 请求路径: /proxy  请求方法：GET 
DEBUG: 18:07:02 请求路径: /proxy  请求方法：GET 
DEBUG: 18:07:02 请求路径: /proxy  请求方法：GET 
DEBUG: 18:07:02 请求路径: /proxy  请求方法：GET 
DEBUG: 18:07:02 请求路径: /proxy  请求方法：GET 
DEBUG: 18:07:02 请求路径: /proxy  请求方法：GET 
DEBUG: 18:07:02 请求路径: /proxy  请求方法：GET 
DEBUG: 18:07:02 请求路径: /proxy  请求方法：GET 
DEBUG: 18:07:02 请求路径: /proxy  请求方法：GET 
DEBUG: 18:07:02 请求路径: /proxy  请求方法：GET 
DEBUG: 18:07:02 请求路径: /proxy  请求方法：GET 
DEBUG: 18:07:02 请求路径: /proxy  请求方法：GET 
DEBUG: 18:07:02 请求路径: /proxy  请求方法：GET 
DEBUG: 18:07:02 请求路径: /proxy  请求方法：GET 
DEBUG: 18:07:02 请求路径: /proxy  请求方法：GET 
DEBUG: 18:07:02 请求路径: /proxy  请求方法：GET 
DEBUG: 18:07:02 请求路径: /proxy  请求方法：GET 
DEBUG: 18:07:02 请求路径: /proxy  请求方法：GET 
DEBUG: 18:07:02 请求路径: /proxy  请求方法：GET 
DEBUG: 18:07:02 请求路径: /proxy  请求方法：GET 
DEBUG: 18:07:03 请求路径: /proxy  请求方法：GET 
DEBUG: 18:07:03 请求路径: /proxy  请求方法：GET 
DEBUG: 18:07:03 请求路径: /proxy  请求方法：GET 
DEBUG: 18:07:03 请求路径: /proxy  请求方法：GET 
DEBUG: 18:07:03 请求路径: /proxy  请求方法：GET 
DEBUG: 18:07:03 请求路径: /proxy  请求方法：GET 
DEBUG: 18:07:03 请求路径: /proxy  请求方法：GET 
DEBUG: 18:07:03 请求路径: /proxy  请求方法：GET 
DEBUG: 18:07:03 请求路径: /proxy  请求方法：GET 
DEBUG: 18:07:03 请求路径: /proxy  请求方法：GET 
DEBUG: 18:07:03 请求路径: /proxy  请求方法：GET 
DEBUG: 18:07:03 请求路径: /proxy  请求方法：GET 
DEBUG: 18:07:03 请求路径: /proxy  请求方法：GET 
DEBUG: 18:07:03 请求路径: /proxy  请求方法：GET 
DEBUG: 18:07:03 请求路径: /proxy  请求方法：GET 
DEBUG: 18:07:03 请求路径: /proxy  请求方法：GET 
DEBUG: 18:07:03 请求路径: /proxy  请求方法：GET 
DEBUG: 18:07:03 请求路径: /proxy  请求方法：GET 
DEBUG: 18:07:03 请求路径: /proxy  请求方法：GET 
DEBUG: 18:07:03 请求路径: /proxy  请求方法：GET 
DEBUG: 18:07:03 请求路径: /proxy  请求方法：GET 
DEBUG: 18:07:03 请求路径: /proxy  请求方法：GET 
DEBUG: 18:07:03 请求路径: /proxy  请求方法：GET 
DEBUG: 18:07:03 请求路径: /proxy  请求方法：GET 
DEBUG: 18:07:03 请求路径: /proxy  请求方法：GET 
DEBUG: 18:07:03 请求路径: /proxy  请求方法：GET 
DEBUG: 18:07:03 请求路径: /proxy  请求方法：GET 
DEBUG: 18:07:03 请求路径: /proxy  请求方法：GET 
DEBUG: 18:07:03 请求路径: /proxy  请求方法：GET 
DEBUG: 18:07:03 请求路径: /proxy  请求方法：GET 
DEBUG: 18:07:03 请求路径: /proxy  请求方法：GET 
DEBUG: 18:07:03 请求路径: /proxy  请求方法：GET 
DEBUG: 18:07:03 请求路径: /proxy  请求方法：GET 
DEBUG: 18:07:03 请求路径: /proxy  请求方法：GET 
DEBUG: 18:07:03 请求路径: /proxy  请求方法：GET 
DEBUG: 18:07:03 请求路径: /proxy  请求方法：GET 
DEBUG: 18:07:03 请求路径: /proxy  请求方法：GET 
DEBUG: 18:07:03 请求路径: /proxy  请求方法：GET 
DEBUG: 18:07:03 请求路径: /proxy  请求方法：GET 
DEBUG: 18:07:03 请求路径: /proxy  请求方法：GET 
DEBUG: 18:07:03 请求路径: /proxy  请求方法：GET 
DEBUG: 18:07:03 请求路径: /proxy  请求方法：GET 
DEBUG: 18:07:03 请求路径: /proxy  请求方法：GET 
DEBUG: 18:07:03 请求路径: /proxy  请求方法：GET 
DEBUG: 18:07:03 请求路径: /proxy  请求方法：GET 
DEBUG: 18:07:03 请求路径: /proxy  请求方法：GET 
DEBUG: 18:07:03 请求路径: /proxy  请求方法：GET 
DEBUG: 18:07:03 请求路径: /proxy  请求方法：GET 
DEBUG: 18:07:03 请求路径: /proxy  请求方法：GET 
DEBUG: 18:07:03 请求路径: /proxy  请求方法：GET 
DEBUG: 18:07:03 请求路径: /proxy  请求方法：GET 
DEBUG: 18:07:03 请求路径: /proxy  请求方法：GET 
DEBUG: 18:07:03 请求路径: /proxy  请求方法：GET 
DEBUG: 18:07:03 请求路径: /proxy  请求方法：GET 
DEBUG: 18:07:03 请求路径: /proxy  请求方法：GET 
DEBUG: 18:07:03 请求路径: /proxy  请求方法：GET 
DEBUG: 18:07:03 请求路径: /proxy  请求方法：GET 
DEBUG: 18:07:03 请求路径: /proxy  请求方法：GET 
DEBUG: 18:07:03 请求路径: /proxy  请求方法：GET 
DEBUG: 18:07:03 请求路径: /proxy  请求方法：GET 
DEBUG: 18:07:03 请求路径: /proxy  请求方法：GET 
DEBUG: 18:07:03 请求路径: /proxy  请求方法：GET 
DEBUG: 18:07:03 请求路径: /proxy  请求方法：GET 
DEBUG: 18:07:03 请求路径: /proxy  请求方法：GET 
DEBUG: 18:07:03 请求路径: /proxy  请求方法：GET 
DEBUG: 18:07:03 请求路径: /proxy  请求方法：GET 
DEBUG: 18:07:03 请求路径: /proxy  请求方法：GET 
DEBUG: 18:07:03 请求路径: /proxy  请求方法：GET 
DEBUG: 18:07:03 请求路径: /proxy  请求方法：GET 
DEBUG: 18:07:03 请求路径: /proxy  请求方法：GET 
DEBUG: 18:07:03 请求路径: /proxy  请求方法：GET 
DEBUG: 18:07:03 请求路径: /proxy  请求方法：GET 
DEBUG: 18:07:03 请求路径: /proxy  请求方法：GET 
DEBUG: 18:07:03 请求路径: /proxy  请求方法：GET 
DEBUG: 18:07:03 请求路径: /proxy  请求方法：GET 
DEBUG: 18:07:03 请求路径: /proxy  请求方法：GET 
DEBUG: 18:07:03 请求路径: /proxy  请求方法：GET 
DEBUG: 18:07:03 请求路径: /proxy  请求方法：GET 
DEBUG: 18:07:03 请求路径: /proxy  请求方法：GET 
DEBUG: 18:07:03 请求路径: /proxy  请求方法：GET 
DEBUG: 18:07:03 请求路径: /proxy  请求方法：GET 
DEBUG: 18:07:03 请求路径: /proxy  请求方法：GET 
DEBUG: 18:07:03 请求路径: /proxy  请求方法：GET 
DEBUG: 18:07:03 请求路径: /proxy  请求方法：GET 
DEBUG: 18:07:03 请求路径: /proxy  请求方法：GET 
DEBUG: 18:07:03 请求路径: /proxy  请求方法：GET 
DEBUG: 18:07:03 请求路径: /proxy  请求方法：GET 
DEBUG: 18:07:03 请求路径: /proxy  请求方法：GET 
DEBUG: 18:07:03 请求路径: /proxy  请求方法：GET 
DEBUG: 18:07:03 请求路径: /proxy  请求方法：GET 
DEBUG: 18:07:03 请求路径: /proxy  请求方法：GET 
DEBUG: 18:07:03 请求路径: /proxy  请求方法：GET 
DEBUG: 18:07:03 请求路径: /proxy  请求方法：GET 
DEBUG: 18:07:03 请求路径: /proxy  请求方法：GET 
DEBUG: 18:07:03 请求路径: /proxy  请求方法：GET 
DEBUG: 18:07:03 请求路径: /proxy  请求方法：GET 
DEBUG: 18:07:03 请求路径: /proxy  请求方法：GET 
DEBUG: 18:07:03 请求路径: /proxy  请求方法：GET 
DEBUG: 18:07:03 请求路径: /proxy  请求方法：GET 
DEBUG: 18:07:03 请求路径: /proxy  请求方法：GET 
DEBUG: 18:07:03 请求路径: /proxy  请求方法：GET 
DEBUG: 18:07:03 请求路径: /proxy  请求方法：GET 
DEBUG: 18:07:03 请求路径: /proxy  请求方法：GET 
DEBUG: 18:07:03 请求路径: /proxy  请求方法：GET 
DEBUG: 18:07:03 请求路径: /proxy  请求方法：GET 
DEBUG: 18:07:03 请求路径: /proxy  请求方法：GET 
DEBUG: 18:07:03 请求路径: /proxy  请求方法：GET 
DEBUG: 18:07:03 请求路径: /proxy  请求方法：GET 
DEBUG: 18:07:03 请求路径: /proxy  请求方法：GET 
DEBUG: 18:07:03 请求路径: /proxy  请求方法：GET 
DEBUG: 18:07:03 请求路径: /proxy  请求方法：GET 
DEBUG: 18:07:03 请求路径: /proxy  请求方法：GET 
DEBUG: 18:07:03 请求路径: /proxy  请求方法：GET 
DEBUG: 18:07:03 请求路径: /proxy  请求方法：GET 
DEBUG: 18:07:03 请求路径: /proxy  请求方法：GET 
DEBUG: 18:07:03 请求路径: /proxy  请求方法：GET 
DEBUG: 18:07:03 请求路径: /proxy  请求方法：GET 
DEBUG: 18:07:03 请求路径: /proxy  请求方法：GET 
DEBUG: 18:07:03 请求路径: /proxy  请求方法：GET 
DEBUG: 18:07:03 请求路径: /proxy  请求方法：GET 
DEBUG: 18:07:03 请求路径: /proxy  请求方法：GET 
DEBUG: 18:07:03 请求路径: /proxy  请求方法：GET 
DEBUG: 18:07:03 请求路径: /proxy  请求方法：GET 
DEBUG: 18:07:03 请求路径: /proxy  请求方法：GET 
DEBUG: 18:07:03 请求路径: /proxy  请求方法：GET 
DEBUG: 18:07:03 请求路径: /proxy  请求方法：GET 
DEBUG: 18:07:03 请求路径: /proxy  请求方法：GET 
DEBUG: 18:07:03 请求路径: /proxy  请求方法：GET 
DEBUG: 18:07:03 请求路径: /proxy  请求方法：GET 
DEBUG: 18:07:03 请求路径: /proxy  请求方法：GET 
DEBUG: 18:07:03 请求路径: /proxy  请求方法：GET 
DEBUG: 18:07:03 请求路径: /proxy  请求方法：GET 
DEBUG: 18:07:03 请求路径: /proxy  请求方法：GET 
DEBUG: 18:07:03 请求路径: /proxy  请求方法：GET 
DEBUG: 18:07:03 请求路径: /proxy  请求方法：GET 
DEBUG: 18:07:03 请求路径: /proxy  请求方法：GET 
DEBUG: 18:07:03 请求路径: /proxy  请求方法：GET 
DEBUG: 18:07:03 请求路径: /proxy  请求方法：GET 
DEBUG: 18:07:03 请求路径: /proxy  请求方法：GET 
DEBUG: 18:07:03 请求路径: /proxy  请求方法：GET 
DEBUG: 18:07:03 请求路径: /proxy  请求方法：GET 
DEBUG: 18:07:03 请求路径: /proxy  请求方法：GET 
DEBUG: 18:07:03 请求路径: /proxy  请求方法：GET 
DEBUG: 18:07:03 请求路径: /proxy  请求方法：GET 
DEBUG: 18:07:03 请求路径: /proxy  请求方法：GET 
DEBUG: 18:07:03 请求路径: /proxy  请求方法：GET 
DEBUG: 18:07:03 请求路径: /proxy  请求方法：GET 
DEBUG: 18:07:03 请求路径: /proxy  请求方法：GET 
DEBUG: 18:07:03 请求路径: /proxy  请求方法：GET 
DEBUG: 18:07:03 请求路径: /proxy  请求方法：GET 
DEBUG: 18:07:03 请求路径: /proxy  请求方法：GET 
DEBUG: 18:07:03 请求路径: /proxy  请求方法：GET 
DEBUG: 18:07:03 请求路径: /proxy  请求方法：GET 
DEBUG: 18:07:03 请求路径: /proxy  请求方法：GET 
DEBUG: 18:07:03 请求路径: /proxy  请求方法：GET 
DEBUG: 18:07:03 请求路径: /proxy  请求方法：GET 
DEBUG: 18:07:03 请求路径: /proxy  请求方法：GET 
DEBUG: 18:07:03 请求路径: /proxy  请求方法：GET 
DEBUG: 18:07:03 请求路径: /proxy  请求方法：GET 
DEBUG: 18:07:03 请求路径: /proxy  请求方法：GET 
DEBUG: 18:07:03 请求路径: /proxy  请求方法：GET 
DEBUG: 18:07:03 请求路径: /proxy  请求方法：GET 
DEBUG: 18:07:03 请求路径: /proxy  请求方法：GET 
DEBUG: 18:07:03 请求路径: /proxy  请求方法：GET 
DEBUG: 18:07:03 请求路径: /proxy  请求方法：GET 
DEBUG: 18:07:03 请求路径: /proxy  请求方法：GET 
DEBUG: 18:07:03 请求路径: /proxy  请求方法：GET 
DEBUG: 18:07:03 请求路径: /proxy  请求方法：GET 
DEBUG: 18:07:03 请求路径: /proxy  请求方法：GET 
DEBUG: 18:07:03 请求路径: /proxy  请求方法：GET 
DEBUG: 18:07:03 请求路径: /proxy  请求方法：GET 
DEBUG: 18:07:03 请求路径: /proxy  请求方法：GET 
DEBUG: 18:07:03 请求路径: /proxy  请求方法：GET 
DEBUG: 18:07:03 请求路径: /proxy  请求方法：GET 
DEBUG: 18:07:03 请求路径: /proxy  请求方法：GET 
DEBUG: 18:07:03 请求路径: /proxy  请求方法：GET 
DEBUG: 18:07:03 请求路径: /proxy  请求方法：GET 
DEBUG: 18:07:03 请求路径: /proxy  请求方法：GET 
DEBUG: 18:07:03 请求路径: /proxy  请求方法：GET 
DEBUG: 18:07:03 请求路径: /proxy  请求方法：GET 
DEBUG: 18:07:03 请求路径: /proxy  请求方法：GET 
DEBUG: 18:07:03 请求路径: /proxy  请求方法：GET 
DEBUG: 18:07:03 请求路径: /proxy  请求方法：GET 
DEBUG: 18:07:03 请求路径: /proxy  请求方法：GET 
DEBUG: 18:07:03 请求路径: /proxy  请求方法：GET 
DEBUG: 18:07:03 请求路径: /proxy  请求方法：GET 
DEBUG: 18:07:03 请求路径: /proxy  请求方法：GET 
DEBUG: 18:07:03 请求路径: /proxy  请求方法：GET 
DEBUG: 18:07:03 请求路径: /proxy  请求方法：GET 
DEBUG: 18:07:03 请求路径: /proxy  请求方法：GET 
DEBUG: 18:07:03 请求路径: /proxy  请求方法：GET 
DEBUG: 18:07:03 请求路径: /proxy  请求方法：GET 
DEBUG: 18:07:03 请求路径: /proxy  请求方法：GET 
DEBUG: 18:07:03 请求路径: /proxy  请求方法：GET 
DEBUG: 18:07:03 请求路径: /proxy  请求方法：GET 
DEBUG: 18:07:03 请求路径: /proxy  请求方法：GET 
DEBUG: 18:07:03 请求路径: /proxy  请求方法：GET 
DEBUG: 18:07:03 请求路径: /proxy  请求方法：GET 
DEBUG: 18:07:03 请求路径: /proxy  请求方法：GET 
DEBUG: 18:07:03 请求路径: /proxy  请求方法：GET 
DEBUG: 18:07:03 请求路径: /proxy  请求方法：GET 
DEBUG: 18:07:03 请求路径: /proxy  请求方法：GET 
DEBUG: 18:07:03 请求路径: /proxy  请求方法：GET 
DEBUG: 18:07:03 请求路径: /proxy  请求方法：GET 
DEBUG: 18:07:03 请求路径: /proxy  请求方法：GET 
DEBUG: 18:07:03 请求路径: /proxy  请求方法：GET 
DEBUG: 18:07:03 请求路径: /proxy  请求方法：GET 
DEBUG: 18:07:03 请求路径: /proxy  请求方法：GET 
DEBUG: 18:07:03 请求路径: /proxy  请求方法：GET 
DEBUG: 18:07:03 请求路径: /proxy  请求方法：GET 
DEBUG: 18:07:03 请求路径: /proxy  请求方法：GET 
DEBUG: 18:07:03 请求路径: /proxy  请求方法：GET 
DEBUG: 18:07:03 请求路径: /proxy  请求方法：GET 
DEBUG: 18:07:03 请求路径: /proxy  请求方法：GET 
DEBUG: 18:07:03 请求路径: /proxy  请求方法：GET 
DEBUG: 18:07:03 请求路径: /proxy  请求方法：GET 
DEBUG: 18:07:03 请求路径: /proxy  请求方法：GET 
DEBUG: 18:07:03 请求路径: /proxy  请求方法：GET 
DEBUG: 18:07:03 请求路径: /proxy  请求方法：GET 
DEBUG: 18:07:03 请求路径: /proxy  请求方法：GET 
DEBUG: 18:07:03 请求路径: /proxy  请求方法：GET 
DEBUG: 18:07:03 请求路径: /proxy  请求方法：GET 
DEBUG: 18:07:03 请求路径: /proxy  请求方法：GET 
DEBUG: 18:07:03 请求路径: /proxy  请求方法：GET 
DEBUG: 18:07:03 请求路径: /proxy  请求方法：GET 
DEBUG: 18:07:03 请求路径: /proxy  请求方法：GET 
DEBUG: 18:07:03 请求路径: /proxy  请求方法：GET 
DEBUG: 18:07:03 请求路径: /proxy  请求方法：GET 
DEBUG: 18:07:03 请求路径: /proxy  请求方法：GET 
DEBUG: 18:07:03 请求路径: /proxy  请求方法：GET 
DEBUG: 18:07:03 请求路径: /proxy  请求方法：GET 
DEBUG: 18:07:03 请求路径: /proxy  请求方法：GET 
DEBUG: 18:07:03 请求路径: /proxy  请求方法：GET 
DEBUG: 18:07:03 请求路径: /proxy  请求方法：GET 
DEBUG: 18:07:03 请求路径: /proxy  请求方法：GET 
DEBUG: 18:07:03 请求路径: /proxy  请求方法：GET 
DEBUG: 18:07:03 请求路径: /proxy  请求方法：GET 
DEBUG: 18:07:03 请求路径: /proxy  请求方法：GET 
DEBUG: 18:07:03 请求路径: /proxy  请求方法：GET 
DEBUG: 18:07:03 请求路径: /proxy  请求方法：GET 
DEBUG: 18:07:03 请求路径: /proxy  请求方法：GET 
DEBUG: 18:07:03 请求路径: /proxy  请求方法：GET 
DEBUG: 18:07:03 请求路径: /proxy  请求方法：GET 
DEBUG: 18:07:03 请求路径: /proxy  请求方法：GET 
DEBUG: 18:07:03 请求路径: /proxy  请求方法：GET 
DEBUG: 18:07:03 请求路径: /proxy  请求方法：GET 
DEBUG: 18:07:03 请求路径: /proxy  请求方法：GET 
DEBUG: 18:07:03 请求路径: /proxy  请求方法：GET 
DEBUG: 18:07:03 请求路径: /proxy  请求方法：GET 
DEBUG: 18:07:03 请求路径: /proxy  请求方法：GET 
DEBUG: 18:07:03 请求路径: /proxy  请求方法：GET 
DEBUG: 18:07:03 请求路径: /proxy  请求方法：GET 
DEBUG: 18:07:03 请求路径: /proxy  请求方法：GET 
DEBUG: 18:07:03 请求路径: /proxy  请求方法：GET 
DEBUG: 18:07:03 请求路径: /proxy  请求方法：GET 
DEBUG: 18:07:03 请求路径: /proxy  请求方法：GET 
DEBUG: 18:07:03 请求路径: /proxy  请求方法：GET 
DEBUG: 18:07:03 请求路径: /proxy  请求方法：GET 
DEBUG: 18:07:03 请求路径: /proxy  请求方法：GET 
DEBUG: 18:07:03 请求路径: /proxy  请求方法：GET 
DEBUG: 18:07:03 请求路径: /proxy  请求方法：GET 
DEBUG: 18:07:03 请求路径: /proxy  请求方法：GET 
DEBUG: 18:07:03 请求路径: /proxy  请求方法：GET 
DEBUG: 18:07:03 请求路径: /proxy  请求方法：GET 
DEBUG: 18:07:03 请求路径: /proxy  请求方法：GET 
DEBUG: 18:07:03 请求路径: /proxy  请求方法：GET 
DEBUG: 18:07:03 请求路径: /proxy  请求方法：GET 
DEBUG: 18:07:03 请求路径: /proxy  请求方法：GET 
DEBUG: 18:07:03 请求路径: /proxy  请求方法：GET 
DEBUG: 18:07:03 请求路径: /proxy  请求方法：GET 
DEBUG: 18:07:03 请求路径: /proxy  请求方法：GET 
DEBUG: 18:07:03 请求路径: /proxy  请求方法：GET 
DEBUG: 18:07:03 请求路径: /proxy  请求方法：GET 
DEBUG: 18:07:03 请求路径: /proxy  请求方法：GET 
DEBUG: 18:07:03 请求路径: /proxy  请求方法：GET 
DEBUG: 18:07:03 请求路径: /proxy  请求方法：GET 
DEBUG: 18:07:03 请求路径: /proxy  请求方法：GET 
DEBUG: 18:07:03 请求路径: /proxy  请求方法：GET 
DEBUG: 18:07:03 请求路径: /proxy  请求方法：GET 
DEBUG: 18:07:03 请求路径: /proxy  请求方法：GET 
DEBUG: 18:07:03 请求路径: /proxy  请求方法：GET 
DEBUG: 18:07:03 请求路径: /proxy  请求方法：GET 
DEBUG: 18:07:03 请求路径: /proxy  请求方法：GET 
DEBUG: 18:07:03 请求路径: /proxy  请求方法：GET 
DEBUG: 18:07:03 请求路径: /proxy  请求方法：GET 
DEBUG: 18:07:03 请求路径: /proxy  请求方法：GET 
DEBUG: 18:07:03 请求路径: /proxy  请求方法：GET 
DEBUG: 18:07:03 请求路径: /proxy  请求方法：GET 
DEBUG: 18:07:03 请求路径: /proxy  请求方法：GET 
DEBUG: 18:07:03 请求路径: /proxy  请求方法：GET 
DEBUG: 18:07:03 请求路径: /proxy  请求方法：GET 
DEBUG: 18:07:03 请求路径: /proxy  请求方法：GET 
DEBUG: 18:07:03 请求路径: /proxy  请求方法：GET 
DEBUG: 18:07:03 请求路径: /proxy  请求方法：GET 
DEBUG: 18:07:03 请求路径: /proxy  请求方法：GET 
DEBUG: 18:07:03 请求路径: /proxy  请求方法：GET 
DEBUG: 18:07:03 请求路径: /proxy  请求方法：GET 
DEBUG: 18:07:03 请求路径: /proxy  请求方法：GET 
DEBUG: 18:07:03 请求路径: /proxy  请求方法：GET 
DEBUG: 18:07:03 请求路径: /proxy  请求方法：GET 
DEBUG: 18:07:03 请求路径: /proxy  请求方法：GET 
DEBUG: 18:07:03 请求路径: /proxy  请求方法：GET 
DEBUG: 18:07:03 请求路径: /proxy  请求方法：GET 
DEBUG: 18:07:03 请求路径: /proxy  请求方法：GET 
DEBUG: 18:07:03 请求路径: /proxy  请求方法：GET 
DEBUG: 18:07:03 请求路径: /proxy  请求方法：GET 
DEBUG: 18:07:03 请求路径: /proxy  请求方法：GET 
DEBUG: 18:07:03 请求路径: /proxy  请求方法：GET 
DEBUG: 18:07:03 请求路径: /proxy  请求方法：GET 
DEBUG: 18:07:03 请求路径: /proxy  请求方法：GET 
DEBUG: 18:07:03 请求路径: /proxy  请求方法：GET 
DEBUG: 18:07:03 请求路径: /proxy  请求方法：GET 
DEBUG: 18:07:03 请求路径: /proxy  请求方法：GET 
DEBUG: 18:07:03 请求路径: /proxy  请求方法：GET 
DEBUG: 18:07:03 请求路径: /proxy  请求方法：GET 
DEBUG: 18:07:03 请求路径: /proxy  请求方法：GET 
DEBUG: 18:07:03 请求路径: /proxy  请求方法：GET 
DEBUG: 18:07:03 请求路径: /proxy  请求方法：GET 
DEBUG: 18:07:03 请求路径: /proxy  请求方法：GET 
DEBUG: 18:07:03 请求路径: /proxy  请求方法：GET 
DEBUG: 18:07:03 请求路径: /proxy  请求方法：GET 
DEBUG: 18:07:03 请求路径: /proxy  请求方法：GET 
DEBUG: 18:07:03 请求路径: /proxy  请求方法：GET 
DEBUG: 18:07:03 请求路径: /proxy  请求方法：GET 
DEBUG: 18:07:03 请求路径: /proxy  请求方法：GET 
DEBUG: 18:07:03 请求路径: /proxy  请求方法：GET 
DEBUG: 18:07:03 请求路径: /proxy  请求方法：GET 
DEBUG: 18:07:03 请求路径: /proxy  请求方法：GET 
DEBUG: 18:07:03 请求路径: /proxy  请求方法：GET 
DEBUG: 18:07:03 请求路径: /proxy  请求方法：GET 
DEBUG: 18:07:03 请求路径: /proxy  请求方法：GET 
DEBUG: 18:07:03 请求路径: /proxy  请求方法：GET 
DEBUG: 18:07:03 请求路径: /proxy  请求方法：GET 
DEBUG: 18:07:03 请求路径: /proxy  请求方法：GET 
DEBUG: 18:07:03 请求路径: /proxy  请求方法：GET 
DEBUG: 18:07:03 请求路径: /proxy  请求方法：GET 
DEBUG: 18:07:03 请求路径: /proxy  请求方法：GET 
DEBUG: 18:07:03 请求路径: /proxy  请求方法：GET 
DEBUG: 18:07:03 请求路径: /proxy  请求方法：GET 
DEBUG: 18:07:03 请求路径: /proxy  请求方法：GET 
DEBUG: 18:07:03 请求路径: /proxy  请求方法：GET 
DEBUG: 18:07:03 请求路径: /proxy  请求方法：GET 
DEBUG: 18:07:03 请求路径: /proxy  请求方法：GET 
DEBUG: 18:07:03 请求路径: /proxy  请求方法：GET 
DEBUG: 18:07:03 请求路径: /proxy  请求方法：GET 
DEBUG: 18:07:03 请求路径: /proxy  请求方法：GET 
DEBUG: 18:07:03 请求路径: /proxy  请求方法：GET 
DEBUG: 18:07:03 请求路径: /proxy  请求方法：GET 
DEBUG: 18:07:03 请求路径: /proxy  请求方法：GET 
DEBUG: 18:07:03 请求路径: /proxy  请求方法：GET 
DEBUG: 18:07:03 请求路径: /proxy  请求方法：GET 
DEBUG: 18:07:03 请求路径: /proxy  请求方法：GET 
DEBUG: 18:07:03 请求路径: /proxy  请求方法：GET 
DEBUG: 18:07:03 请求路径: /proxy  请求方法：GET 
DEBUG: 18:07:03 请求路径: /proxy  请求方法：GET 
DEBUG: 18:07:03 请求路径: /proxy  请求方法：GET 
DEBUG: 18:07:03 请求路径: /proxy  请求方法：GET 
DEBUG: 18:07:03 请求路径: /proxy  请求方法：GET 
DEBUG: 18:07:03 请求路径: /proxy  请求方法：GET 
DEBUG: 18:07:03 请求路径: /proxy  请求方法：GET 
DEBUG: 18:07:03 请求路径: /proxy  请求方法：GET 
DEBUG: 18:07:03 请求路径: /proxy  请求方法：GET 
DEBUG: 18:07:03 请求路径: /proxy  请求方法：GET 
DEBUG: 18:07:03 请求路径: /proxy  请求方法：GET 
DEBUG: 18:07:03 请求路径: /proxy  请求方法：GET 
DEBUG: 18:07:03 请求路径: /proxy  请求方法：GET 
DEBUG: 18:07:03 请求路径: /proxy  请求方法：GET 
DEBUG: 18:07:03 请求路径: /proxy  请求方法：GET 
DEBUG: 18:07:03 请求路径: /proxy  请求方法：GET 
DEBUG: 18:07:03 请求路径: /proxy  请求方法：GET 
DEBUG: 18:07:03 请求路径: /proxy  请求方法：GET 
DEBUG: 18:07:03 请求路径: /proxy  请求方法：GET 
DEBUG: 18:07:03 请求路径: /proxy  请求方法：GET 
DEBUG: 18:07:03 请求路径: /proxy  请求方法：GET 
DEBUG: 18:07:03 请求路径: /proxy  请求方法：GET 
DEBUG: 18:07:03 请求路径: /proxy  请求方法：GET 
DEBUG: 18:07:03 请求路径: /proxy  请求方法：GET 
DEBUG: 18:07:03 请求路径: /proxy  请求方法：GET 
DEBUG: 18:07:03 请求路径: /proxy  请求方法：GET 
DEBUG: 18:07:03 请求路径: /proxy  请求方法：GET 
DEBUG: 18:07:03 请求路径: /proxy  请求方法：GET 
DEBUG: 18:07:03 请求路径: /proxy  请求方法：GET 
DEBUG: 18:07:03 请求路径: /proxy  请求方法：GET 
DEBUG: 18:07:03 请求路径: /proxy  请求方法：GET 
DEBUG: 18:07:33 请求路径: /proxy  请求方法：GET 
DEBUG: 18:07:33 请求路径: /proxy  请求方法：GET 
DEBUG: 18:07:33 请求路径: /proxy  请求方法：GET 
DEBUG: 18:07:33 请求路径: /proxy  请求方法：GET 
DEBUG: 18:07:33 请求路径: /proxy  请求方法：GET 
DEBUG: 18:07:33 请求路径: /proxy  请求方法：GET 
DEBUG: 18:07:33 请求路径: /proxy  请求方法：GET 
DEBUG: 18:07:33 请求路径: /proxy  请求方法：GET 
DEBUG: 18:07:33 请求路径: /proxy  请求方法：GET 
DEBUG: 18:07:33 请求路径: /proxy  请求方法：GET 
DEBUG: 18:07:33 请求路径: /proxy  请求方法：GET 
DEBUG: 18:07:33 请求路径: /proxy  请求方法：GET 
DEBUG: 18:07:33 请求路径: /proxy  请求方法：GET 
DEBUG: 18:07:33 请求路径: /proxy  请求方法：GET 
DEBUG: 18:07:33 请求路径: /proxy  请求方法：GET 
DEBUG: 18:07:33 请求路径: /proxy  请求方法：GET 
DEBUG: 18:07:33 请求路径: /proxy  请求方法：GET 
DEBUG: 18:07:33 请求路径: /proxy  请求方法：GET 
DEBUG: 18:07:33 请求路径: /proxy  请求方法：GET 
DEBUG: 18:07:33 请求路径: /proxy  请求方法：GET 
DEBUG: 18:07:33 请求路径: /proxy  请求方法：GET 
DEBUG: 18:07:33 请求路径: /proxy  请求方法：GET 
DEBUG: 18:07:33 请求路径: /proxy  请求方法：GET 
DEBUG: 18:07:33 请求路径: /proxy  请求方法：GET 
DEBUG: 18:07:33 请求路径: /proxy  请求方法：GET 
DEBUG: 18:07:33 请求路径: /proxy  请求方法：GET 
DEBUG: 18:07:33 请求路径: /proxy  请求方法：GET 
DEBUG: 18:07:33 请求路径: /proxy  请求方法：GET 
DEBUG: 18:07:33 请求路径: /proxy  请求方法：GET 
DEBUG: 18:07:33 请求路径: /proxy  请求方法：GET 
DEBUG: 18:07:33 请求路径: /proxy  请求方法：GET 
DEBUG: 18:07:33 请求路径: /proxy  请求方法：GET 
DEBUG: 18:07:33 请求路径: /proxy  请求方法：GET 
DEBUG: 18:07:33 请求路径: /proxy  请求方法：GET 
DEBUG: 18:07:33 请求路径: /proxy  请求方法：GET 
DEBUG: 18:07:33 请求路径: /proxy  请求方法：GET 
DEBUG: 18:07:33 请求路径: /proxy  请求方法：GET 
DEBUG: 18:07:33 请求路径: /proxy  请求方法：GET 
DEBUG: 18:07:33 请求路径: /proxy  请求方法：GET 
DEBUG: 18:07:33 请求路径: /proxy  请求方法：GET 
DEBUG: 18:07:33 请求路径: /proxy  请求方法：GET 
DEBUG: 18:07:33 请求路径: /proxy  请求方法：GET 
DEBUG: 18:07:33 请求路径: /proxy  请求方法：GET 
DEBUG: 18:07:33 请求路径: /proxy  请求方法：GET 
DEBUG: 18:07:33 请求路径: /proxy  请求方法：GET 
DEBUG: 18:07:33 请求路径: /proxy  请求方法：GET 
DEBUG: 18:07:33 请求路径: /proxy  请求方法：GET 
DEBUG: 18:07:33 请求路径: /proxy  请求方法：GET 
DEBUG: 18:07:33 请求路径: /proxy  请求方法：GET 
DEBUG: 18:07:33 请求路径: /proxy  请求方法：GET 
DEBUG: 18:07:33 请求路径: /proxy  请求方法：GET 
DEBUG: 18:07:33 请求路径: /proxy  请求方法：GET 
DEBUG: 18:07:33 请求路径: /proxy  请求方法：GET 
DEBUG: 18:07:33 请求路径: /proxy  请求方法：GET 
DEBUG: 18:07:33 请求路径: /proxy  请求方法：GET 
DEBUG: 18:07:33 请求路径: /proxy  请求方法：GET 
DEBUG: 18:07:33 请求路径: /proxy  请求方法：GET 
DEBUG: 18:07:33 请求路径: /proxy  请求方法：GET 
DEBUG: 18:07:33 请求路径: /proxy  请求方法：GET 
DEBUG: 18:07:33 请求路径: /proxy  请求方法：GET 
DEBUG: 18:07:33 请求路径: /proxy  请求方法：GET 
DEBUG: 18:07:33 请求路径: /proxy  请求方法：GET 
DEBUG: 18:07:33 请求路径: /proxy  请求方法：GET 
DEBUG: 18:07:33 请求路径: /proxy  请求方法：GET 
DEBUG: 18:07:33 请求路径: /proxy  请求方法：GET 
DEBUG: 18:07:33 请求路径: /proxy  请求方法：GET 
DEBUG: 18:07:33 请求路径: /proxy  请求方法：GET 
DEBUG: 18:07:33 请求路径: /proxy  请求方法：GET 
DEBUG: 18:07:33 请求路径: /proxy  请求方法：GET 
DEBUG: 18:07:33 请求路径: /proxy  请求方法：GET 
DEBUG: 18:07:33 请求路径: /proxy  请求方法：GET 
DEBUG: 18:07:33 请求路径: /proxy  请求方法：GET 
DEBUG: 18:07:33 请求路径: /proxy  请求方法：GET 
DEBUG: 18:07:33 请求路径: /proxy  请求方法：GET 
DEBUG: 18:07:33 请求路径: /proxy  请求方法：GET 
DEBUG: 18:07:33 请求路径: /proxy  请求方法：GET 
DEBUG: 18:07:33 请求路径: /proxy  请求方法：GET 
DEBUG: 18:07:33 请求路径: /proxy  请求方法：GET 
DEBUG: 18:07:33 请求路径: /proxy  请求方法：GET 
DEBUG: 18:07:33 请求路径: /proxy  请求方法：GET 
DEBUG: 18:07:33 请求路径: /proxy  请求方法：GET 
DEBUG: 18:07:33 请求路径: /proxy  请求方法：GET 
DEBUG: 18:07:33 请求路径: /proxy  请求方法：GET 
DEBUG: 18:07:33 请求路径: /proxy  请求方法：GET 
DEBUG: 18:07:33 请求路径: /proxy  请求方法：GET 
DEBUG: 18:07:33 请求路径: /proxy  请求方法：GET 
DEBUG: 18:07:33 请求路径: /proxy  请求方法：GET 
DEBUG: 18:07:33 请求路径: /proxy  请求方法：GET 
DEBUG: 18:07:33 请求路径: /proxy  请求方法：GET 
DEBUG: 18:07:33 请求路径: /proxy  请求方法：GET 
DEBUG: 18:07:33 请求路径: /proxy  请求方法：GET 
DEBUG: 18:07:33 请求路径: /proxy  请求方法：GET 
DEBUG: 18:07:33 请求路径: /proxy  请求方法：GET 
DEBUG: 18:07:33 请求路径: /proxy  请求方法：GET 
DEBUG: 18:07:33 请求路径: /proxy  请求方法：GET 
DEBUG: 18:07:33 请求路径: /proxy  请求方法：GET 
DEBUG: 18:07:33 请求路径: /proxy  请求方法：GET 
DEBUG: 18:07:33 请求路径: /proxy  请求方法：GET 
DEBUG: 18:07:33 请求路径: /proxy  请求方法：GET 
DEBUG: 18:07:33 请求路径: /proxy  请求方法：GET 
DEBUG: 18:07:33 请求路径: /proxy  请求方法：GET 
DEBUG: 18:07:33 请求路径: /proxy  请求方法：GET 
DEBUG: 18:07:33 请求路径: /proxy  请求方法：GET 
DEBUG: 18:07:33 请求路径: /proxy  请求方法：GET 
DEBUG: 18:07:33 请求路径: /proxy  请求方法：GET 
DEBUG: 18:07:33 请求路径: /proxy  请求方法：GET 
DEBUG: 18:07:33 请求路径: /proxy  请求方法：GET 
DEBUG: 18:07:33 请求路径: /proxy  请求方法：GET 
DEBUG: 18:07:33 请求路径: /proxy  请求方法：GET 
DEBUG: 18:07:33 请求路径: /proxy  请求方法：GET 
DEBUG: 18:07:33 请求路径: /proxy  请求方法：GET 
DEBUG: 18:07:33 请求路径: /proxy  请求方法：GET 
DEBUG: 18:07:33 请求路径: /proxy  请求方法：GET 
DEBUG: 18:07:33 请求路径: /proxy  请求方法：GET 
DEBUG: 18:07:33 请求路径: /proxy  请求方法：GET 
DEBUG: 18:07:33 请求路径: /proxy  请求方法：GET 
DEBUG: 18:07:33 请求路径: /proxy  请求方法：GET 
DEBUG: 18:07:33 请求路径: /proxy  请求方法：GET 
DEBUG: 18:07:33 请求路径: /proxy  请求方法：GET 
DEBUG: 18:07:33 请求路径: /proxy  请求方法：GET 
DEBUG: 18:07:33 请求路径: /proxy  请求方法：GET 
DEBUG: 18:07:33 请求路径: /proxy  请求方法：GET 
DEBUG: 18:07:33 请求路径: /proxy  请求方法：GET 
DEBUG: 18:07:33 请求路径: /proxy  请求方法：GET 
DEBUG: 18:07:33 请求路径: /proxy  请求方法：GET 
DEBUG: 18:07:33 请求路径: /proxy  请求方法：GET 
DEBUG: 18:07:33 请求路径: /proxy  请求方法：GET 
DEBUG: 18:07:33 请求路径: /proxy  请求方法：GET 
DEBUG: 18:07:33 请求路径: /proxy  请求方法：GET 
DEBUG: 18:07:33 请求路径: /proxy  请求方法：GET 
DEBUG: 18:07:33 请求路径: /proxy  请求方法：GET 
DEBUG: 18:07:33 请求路径: /proxy  请求方法：GET 
DEBUG: 18:07:33 请求路径: /proxy  请求方法：GET 
DEBUG: 18:07:33 请求路径: /proxy  请求方法：GET 
DEBUG: 18:07:33 请求路径: /proxy  请求方法：GET 
DEBUG: 18:07:33 请求路径: /proxy  请求方法：GET 
DEBUG: 18:07:33 请求路径: /proxy  请求方法：GET 
DEBUG: 18:07:33 请求路径: /proxy  请求方法：GET 
DEBUG: 18:07:33 请求路径: /proxy  请求方法：GET 
DEBUG: 18:07:33 请求路径: /proxy  请求方法：GET 
DEBUG: 18:07:33 请求路径: /proxy  请求方法：GET 
DEBUG: 18:07:33 请求路径: /proxy  请求方法：GET 
DEBUG: 18:07:33 请求路径: /proxy  请求方法：GET 
DEBUG: 18:07:33 请求路径: /proxy  请求方法：GET 
DEBUG: 18:07:33 请求路径: /proxy  请求方法：GET 
DEBUG: 18:07:33 请求路径: /proxy  请求方法：GET 
DEBUG: 18:07:33 请求路径: /proxy  请求方法：GET 
DEBUG: 18:07:33 请求路径: /proxy  请求方法：GET 
DEBUG: 18:07:33 请求路径: /proxy  请求方法：GET 
DEBUG: 18:07:33 请求路径: /proxy  请求方法：GET 
DEBUG: 18:07:33 请求路径: /proxy  请求方法：GET 
DEBUG: 18:07:33 请求路径: /proxy  请求方法：GET 
DEBUG: 18:07:33 请求路径: /proxy  请求方法：GET 
DEBUG: 18:07:33 请求路径: /proxy  请求方法：GET 
DEBUG: 18:07:33 请求路径: /proxy  请求方法：GET 
DEBUG: 18:07:33 请求路径: /proxy  请求方法：GET 
DEBUG: 18:07:33 请求路径: /proxy  请求方法：GET 
DEBUG: 18:07:33 请求路径: /proxy  请求方法：GET 
DEBUG: 18:07:33 请求路径: /proxy  请求方法：GET 
DEBUG: 18:07:33 请求路径: /proxy  请求方法：GET 
DEBUG: 18:07:33 请求路径: /proxy  请求方法：GET 
DEBUG: 18:07:33 请求路径: /proxy  请求方法：GET 
DEBUG: 18:07:33 请求路径: /proxy  请求方法：GET 
DEBUG: 18:07:33 请求路径: /proxy  请求方法：GET 
DEBUG: 18:07:33 请求路径: /proxy  请求方法：GET 
DEBUG: 18:07:33 请求路径: /proxy  请求方法：GET 
DEBUG: 18:07:33 请求路径: /proxy  请求方法：GET 
DEBUG: 18:07:33 请求路径: /proxy  请求方法：GET 
DEBUG: 18:07:33 请求路径: /proxy  请求方法：GET 
DEBUG: 18:07:33 请求路径: /proxy  请求方法：GET 
DEBUG: 18:07:33 请求路径: /proxy  请求方法：GET 
DEBUG: 18:07:33 请求路径: /proxy  请求方法：GET 
DEBUG: 18:07:33 请求路径: /proxy  请求方法：GET 
DEBUG: 18:07:33 请求路径: /proxy  请求方法：GET 
DEBUG: 18:07:33 请求路径: /proxy  请求方法：GET 
DEBUG: 18:07:33 请求路径: /proxy  请求方法：GET 
DEBUG: 18:07:33 请求路径: /proxy  请求方法：GET 
DEBUG: 18:07:33 请求路径: /proxy  请求方法：GET 
DEBUG: 18:07:33 请求路径: /proxy  请求方法：GET 
DEBUG: 18:07:33 请求路径: /proxy  请求方法：GET 
DEBUG: 18:07:33 请求路径: /proxy  请求方法：GET 
DEBUG: 18:07:33 请求路径: /proxy  请求方法：GET 
DEBUG: 18:07:33 请求路径: /proxy  请求方法：GET 
DEBUG: 18:07:33 请求路径: /proxy  请求方法：GET 
DEBUG: 18:07:33 请求路径: /proxy  请求方法：GET 
DEBUG: 18:07:33 请求路径: /proxy  请求方法：GET 
DEBUG: 18:07:33 请求路径: /proxy  请求方法：GET 
DEBUG: 18:07:33 请求路径: /proxy  请求方法：GET 
DEBUG: 18:07:33 请求路径: /proxy  请求方法：GET 
DEBUG: 18:07:33 请求路径: /proxy  请求方法：GET 
DEBUG: 18:07:33 请求路径: /proxy  请求方法：GET 
DEBUG: 18:07:33 请求路径: /proxy  请求方法：GET 
DEBUG: 18:07:33 请求路径: /proxy  请求方法：GET 
DEBUG: 18:07:33 请求路径: /proxy  请求方法：GET 
DEBUG: 18:07:33 请求路径: /proxy  请求方法：GET 
DEBUG: 18:07:33 请求路径: /proxy  请求方法：GET 
DEBUG: 18:07:33 请求路径: /proxy  请求方法：GET 
DEBUG: 18:07:33 请求路径: /proxy  请求方法：GET 
DEBUG: 18:07:33 请求路径: /proxy  请求方法：GET 
DEBUG: 18:07:33 请求路径: /proxy  请求方法：GET 
DEBUG: 18:07:33 请求路径: /proxy  请求方法：GET 
DEBUG: 18:07:33 请求路径: /proxy  请求方法：GET 
DEBUG: 18:07:33 请求路径: /proxy  请求方法：GET 
DEBUG: 18:07:33 请求路径: /proxy  请求方法：GET 
DEBUG: 18:07:33 请求路径: /proxy  请求方法：GET 
DEBUG: 18:07:33 请求路径: /proxy  请求方法：GET 
DEBUG: 18:07:33 请求路径: /proxy  请求方法：GET 
DEBUG: 18:07:33 请求路径: /proxy  请求方法：GET 
DEBUG: 18:07:33 请求路径: /proxy  请求方法：GET 
DEBUG: 18:07:33 请求路径: /proxy  请求方法：GET 
DEBUG: 18:07:33 请求路径: /proxy  请求方法：GET 
DEBUG: 18:07:33 请求路径: /proxy  请求方法：GET 
DEBUG: 18:07:33 请求路径: /proxy  请求方法：GET 
DEBUG: 18:07:33 请求路径: /proxy  请求方法：GET 
DEBUG: 18:07:33 请求路径: /proxy  请求方法：GET 
DEBUG: 18:07:33 请求路径: /proxy  请求方法：GET 
DEBUG: 18:07:33 请求路径: /proxy  请求方法：GET 
DEBUG: 18:07:33 请求路径: /proxy  请求方法：GET 
DEBUG: 18:07:33 请求路径: /proxy  请求方法：GET 
DEBUG: 18:07:33 请求路径: /proxy  请求方法：GET 
DEBUG: 18:07:33 请求路径: /proxy  请求方法：GET 
DEBUG: 18:07:33 请求路径: /proxy  请求方法：GET 
DEBUG: 18:07:33 请求路径: /proxy  请求方法：GET 
DEBUG: 18:07:33 请求路径: /proxy  请求方法：GET 
DEBUG: 18:07:33 请求路径: /proxy  请求方法：GET 
DEBUG: 18:07:33 请求路径: /proxy  请求方法：GET 
DEBUG: 18:07:33 请求路径: /proxy  请求方法：GET 
DEBUG: 18:07:33 请求路径: /proxy  请求方法：GET 
DEBUG: 18:07:33 请求路径: /proxy  请求方法：GET 
DEBUG: 18:07:33 请求路径: /proxy  请求方法：GET 
DEBUG: 18:07:33 请求路径: /proxy  请求方法：GET 
DEBUG: 18:07:33 请求路径: /proxy  请求方法：GET 
DEBUG: 18:07:33 请求路径: /proxy  请求方法：GET 
DEBUG: 18:07:33 请求路径: /proxy  请求方法：GET 
DEBUG: 18:07:33 请求路径: /proxy  请求方法：GET 
DEBUG: 18:07:33 请求路径: /proxy  请求方法：GET 
DEBUG: 18:07:33 请求路径: /proxy  请求方法：GET 
DEBUG: 18:07:33 请求路径: /proxy  请求方法：GET 
DEBUG: 18:07:33 请求路径: /proxy  请求方法：GET 
DEBUG: 18:07:33 请求路径: /proxy  请求方法：GET 
DEBUG: 18:07:33 请求路径: /proxy  请求方法：GET 
DEBUG: 18:07:33 请求路径: /proxy  请求方法：GET 
DEBUG: 18:07:33 请求路径: /proxy  请求方法：GET 
DEBUG: 18:07:33 请求路径: /proxy  请求方法：GET 
DEBUG: 18:07:33 请求路径: /proxy  请求方法：GET 
DEBUG: 18:07:33 请求路径: /proxy  请求方法：GET 
DEBUG: 18:07:33 请求路径: /proxy  请求方法：GET 
DEBUG: 18:07:33 请求路径: /proxy  请求方法：GET 
DEBUG: 18:07:33 请求路径: /proxy  请求方法：GET 
DEBUG: 18:07:33 请求路径: /proxy  请求方法：GET 
DEBUG: 18:07:33 请求路径: /proxy  请求方法：GET 
DEBUG: 18:07:33 请求路径: /proxy  请求方法：GET 
DEBUG: 18:07:33 请求路径: /proxy  请求方法：GET 
DEBUG: 18:07:33 请求路径: /proxy  请求方法：GET 
DEBUG: 18:07:33 请求路径: /proxy  请求方法：GET 
DEBUG: 18:07:33 请求路径: /proxy  请求方法：GET 
DEBUG: 18:07:33 请求路径: /proxy  请求方法：GET 
DEBUG: 18:07:33 请求路径: /proxy  请求方法：GET 
DEBUG: 18:07:33 请求路径: /proxy  请求方法：GET 
DEBUG: 18:07:33 请求路径: /proxy  请求方法：GET 
DEBUG: 18:07:33 请求路径: /proxy  请求方法：GET 
DEBUG: 18:07:33 请求路径: /proxy  请求方法：GET 
DEBUG: 18:07:33 请求路径: /proxy  请求方法：GET 
DEBUG: 18:07:33 请求路径: /proxy  请求方法：GET 
DEBUG: 18:07:33 请求路径: /proxy  请求方法：GET 
DEBUG: 18:07:33 请求路径: /proxy  请求方法：GET 
DEBUG: 18:07:33 请求路径: /proxy  请求方法：GET 
DEBUG: 18:07:33 请求路径: /proxy  请求方法：GET 
DEBUG: 18:07:33 请求路径: /proxy  请求方法：GET 
DEBUG: 18:07:33 请求路径: /proxy  请求方法：GET 
DEBUG: 18:07:33 请求路径: /proxy  请求方法：GET 
DEBUG: 18:07:33 请求路径: /proxy  请求方法：GET 
DEBUG: 18:07:33 请求路径: /proxy  请求方法：GET 
DEBUG: 18:07:33 请求路径: /proxy  请求方法：GET 
DEBUG: 18:07:33 请求路径: /proxy  请求方法：GET 
DEBUG: 18:07:33 请求路径: /proxy  请求方法：GET 
DEBUG: 18:07:33 请求路径: /proxy  请求方法：GET 
DEBUG: 18:07:33 请求路径: /proxy  请求方法：GET 
DEBUG: 18:07:33 请求路径: /proxy  请求方法：GET 
DEBUG: 18:07:33 请求路径: /proxy  请求方法：GET 
DEBUG: 18:07:33 请求路径: /proxy  请求方法：GET 
DEBUG: 18:07:33 请求路径: /proxy  请求方法：GET 
DEBUG: 18:07:33 请求路径: /proxy  请求方法：GET 
DEBUG: 18:07:33 请求路径: /proxy  请求方法：GET 
DEBUG: 18:07:33 请求路径: /proxy  请求方法：GET 
DEBUG: 18:07:33 请求路径: /proxy  请求方法：GET 
DEBUG: 18:07:33 请求路径: /proxy  请求方法：GET 
DEBUG: 18:07:33 请求路径: /proxy  请求方法：GET 
DEBUG: 18:07:33 请求路径: /proxy  请求方法：GET 
DEBUG: 18:07:33 请求路径: /proxy  请求方法：GET 
DEBUG: 18:07:33 请求路径: /proxy  请求方法：GET 
DEBUG: 18:07:33 请求路径: /proxy  请求方法：GET 
DEBUG: 18:07:33 请求路径: /proxy  请求方法：GET 
DEBUG: 18:07:33 请求路径: /proxy  请求方法：GET 
DEBUG: 18:07:33 请求路径: /proxy  请求方法：GET 
DEBUG: 18:07:33 请求路径: /proxy  请求方法：GET 
DEBUG: 18:07:33 请求路径: /proxy  请求方法：GET 
DEBUG: 18:07:33 请求路径: /proxy  请求方法：GET 
DEBUG: 18:07:33 请求路径: /proxy  请求方法：GET 
DEBUG: 18:07:33 请求路径: /proxy  请求方法：GET 
DEBUG: 18:07:33 请求路径: /proxy  请求方法：GET 
DEBUG: 18:07:33 请求路径: /proxy  请求方法：GET 
DEBUG: 18:07:33 请求路径: /proxy  请求方法：GET 
DEBUG: 18:07:33 请求路径: /proxy  请求方法：GET 
DEBUG: 18:07:33 请求路径: /proxy  请求方法：GET 
DEBUG: 18:07:33 请求路径: /proxy  请求方法：GET 
DEBUG: 18:07:33 请求路径: /proxy  请求方法：GET 
DEBUG: 18:07:33 请求路径: /proxy  请求方法：GET 
DEBUG: 18:07:33 请求路径: /proxy  请求方法：GET 
DEBUG: 18:07:33 请求路径: /proxy  请求方法：GET 
DEBUG: 18:07:33 请求路径: /proxy  请求方法：GET 
DEBUG: 18:07:33 请求路径: /proxy  请求方法：GET 
DEBUG: 18:07:33 请求路径: /proxy  请求方法：GET 
DEBUG: 18:07:33 请求路径: /proxy  请求方法：GET 
DEBUG: 18:07:33 请求路径: /proxy  请求方法：GET 
DEBUG: 18:07:33 请求路径: /proxy  请求方法：GET 
DEBUG: 18:07:33 请求路径: /proxy  请求方法：GET 
DEBUG: 18:07:33 请求路径: /proxy  请求方法：GET 
DEBUG: 18:07:33 请求路径: /proxy  请求方法：GET 
DEBUG: 18:07:33 请求路径: /proxy  请求方法：GET 
DEBUG: 18:07:33 请求路径: /proxy  请求方法：GET 
DEBUG: 18:07:33 请求路径: /proxy  请求方法：GET 
DEBUG: 18:07:33 请求路径: /proxy  请求方法：GET 
DEBUG: 18:07:33 请求路径: /proxy  请求方法：GET 
DEBUG: 18:07:33 请求路径: /proxy  请求方法：GET 
DEBUG: 18:07:33 请求路径: /proxy  请求方法：GET 
DEBUG: 18:07:33 请求路径: /proxy  请求方法：GET 
DEBUG: 18:07:33 请求路径: /proxy  请求方法：GET 
DEBUG: 18:07:33 请求路径: /proxy  请求方法：GET 
DEBUG: 18:07:33 请求路径: /proxy  请求方法：GET 
DEBUG: 18:07:33 请求路径: /proxy  请求方法：GET 
DEBUG: 18:07:33 请求路径: /proxy  请求方法：GET 
DEBUG: 18:07:33 请求路径: /proxy  请求方法：GET 
DEBUG: 18:07:33 请求路径: /proxy  请求方法：GET 
DEBUG: 18:07:33 请求路径: /proxy  请求方法：GET 
DEBUG: 18:07:33 请求路径: /proxy  请求方法：GET 
DEBUG: 18:07:33 请求路径: /proxy  请求方法：GET 
DEBUG: 18:07:33 请求路径: /proxy  请求方法：GET 
DEBUG: 18:07:33 请求路径: /proxy  请求方法：GET 
DEBUG: 18:07:33 请求路径: /proxy  请求方法：GET 
DEBUG: 18:07:33 请求路径: /proxy  请求方法：GET 
DEBUG: 18:07:33 请求路径: /proxy  请求方法：GET 
DEBUG: 18:07:33 请求路径: /proxy  请求方法：GET 
DEBUG: 18:07:33 请求路径: /proxy  请求方法：GET 
DEBUG: 18:07:33 请求路径: /proxy  请求方法：GET 
DEBUG: 18:07:33 请求路径: /proxy  请求方法：GET 
DEBUG: 18:07:33 请求路径: /proxy  请求方法：GET 
DEBUG: 18:07:33 请求路径: /proxy  请求方法：GET 
DEBUG: 18:07:33 请求路径: /proxy  请求方法：GET 
DEBUG: 18:07:33 请求路径: /proxy  请求方法：GET 
DEBUG: 18:07:33 请求路径: /proxy  请求方法：GET 
DEBUG: 18:07:33 请求路径: /proxy  请求方法：GET 
DEBUG: 18:07:33 请求路径: /proxy  请求方法：GET 
DEBUG: 18:07:33 请求路径: /proxy  请求方法：GET 
DEBUG: 18:07:33 请求路径: /proxy  请求方法：GET 
DEBUG: 18:07:33 请求路径: /proxy  请求方法：GET 
DEBUG: 18:07:33 请求路径: /proxy  请求方法：GET 
DEBUG: 18:07:33 请求路径: /proxy  请求方法：GET 
DEBUG: 18:07:33 请求路径: /proxy  请求方法：GET 
DEBUG: 18:07:33 请求路径: /proxy  请求方法：GET 
DEBUG: 18:07:33 请求路径: /proxy  请求方法：GET 
DEBUG: 18:07:33 请求路径: /proxy  请求方法：GET 
DEBUG: 18:07:33 请求路径: /proxy  请求方法：GET 
DEBUG: 18:07:33 请求路径: /proxy  请求方法：GET 
DEBUG: 18:07:33 请求路径: /proxy  请求方法：GET 
DEBUG: 18:07:33 请求路径: /proxy  请求方法：GET 
DEBUG: 18:07:33 请求路径: /proxy  请求方法：GET 
DEBUG: 18:07:33 请求路径: /proxy  请求方法：GET 
DEBUG: 18:07:33 请求路径: /proxy  请求方法：GET 
DEBUG: 18:07:33 请求路径: /proxy  请求方法：GET 
DEBUG: 18:07:33 请求路径: /proxy  请求方法：GET 
DEBUG: 18:07:33 请求路径: /proxy  请求方法：GET 
DEBUG: 18:07:33 请求路径: /proxy  请求方法：GET 
DEBUG: 18:07:33 请求路径: /proxy  请求方法：GET 
DEBUG: 18:07:33 请求路径: /proxy  请求方法：GET 
DEBUG: 18:07:33 请求路径: /proxy  请求方法：GET 
DEBUG: 18:07:33 请求路径: /proxy  请求方法：GET 
DEBUG: 18:07:33 请求路径: /proxy  请求方法：GET 
DEBUG: 18:07:33 请求路径: /proxy  请求方法：GET 
DEBUG: 18:07:33 请求路径: /proxy  请求方法：GET 
DEBUG: 18:07:33 请求路径: /proxy  请求方法：GET 
DEBUG: 18:07:33 请求路径: /proxy  请求方法：GET 
DEBUG: 18:07:33 请求路径: /proxy  请求方法：GET 
DEBUG: 18:07:33 请求路径: /proxy  请求方法：GET 
DEBUG: 18:07:33 请求路径: /proxy  请求方法：GET 
DEBUG: 18:07:33 请求路径: /proxy  请求方法：GET 
DEBUG: 18:07:33 请求路径: /proxy  请求方法：GET 
DEBUG: 18:07:33 请求路径: /proxy  请求方法：GET 
DEBUG: 18:07:33 请求路径: /proxy  请求方法：GET 
DEBUG: 18:07:33 请求路径: /proxy  请求方法：GET 
DEBUG: 18:07:33 请求路径: /proxy  请求方法：GET 
DEBUG: 18:07:33 请求路径: /proxy  请求方法：GET 
DEBUG: 18:07:33 请求路径: /proxy  请求方法：GET 
DEBUG: 18:07:33 请求路径: /proxy  请求方法：GET 
DEBUG: 18:07:33 请求路径: /proxy  请求方法：GET 
DEBUG: 18:07:33 请求路径: /proxy  请求方法：GET 
DEBUG: 18:07:33 请求路径: /proxy  请求方法：GET 
DEBUG: 18:07:33 请求路径: /proxy  请求方法：GET 
DEBUG: 18:07:33 请求路径: /proxy  请求方法：GET 
DEBUG: 18:07:33 请求路径: /proxy  请求方法：GET 
DEBUG: 18:07:33 请求路径: /proxy  请求方法：GET 
DEBUG: 18:07:33 请求路径: /proxy  请求方法：GET 
DEBUG: 18:07:33 请求路径: /proxy  请求方法：GET 
DEBUG: 18:07:33 请求路径: /proxy  请求方法：GET 
DEBUG: 18:07:33 请求路径: /proxy  请求方法：GET 
DEBUG: 18:07:33 请求路径: /proxy  请求方法：GET 
DEBUG: 18:07:33 请求路径: /proxy  请求方法：GET 
DEBUG: 18:07:33 请求路径: /proxy  请求方法：GET 
DEBUG: 18:07:33 请求路径: /proxy  请求方法：GET 
DEBUG: 18:07:33 请求路径: /proxy  请求方法：GET 
DEBUG: 18:07:33 请求路径: /proxy  请求方法：GET 
DEBUG: 18:07:33 请求路径: /proxy  请求方法：GET 
DEBUG: 18:07:33 请求路径: /proxy  请求方法：GET 
DEBUG: 18:07:33 请求路径: /proxy  请求方法：GET 
DEBUG: 18:07:33 请求路径: /proxy  请求方法：GET 
DEBUG: 18:07:33 请求路径: /proxy  请求方法：GET 
DEBUG: 18:07:33 请求路径: /proxy  请求方法：GET 
DEBUG: 18:07:33 请求路径: /proxy  请求方法：GET 
DEBUG: 18:07:33 请求路径: /proxy  请求方法：GET 
DEBUG: 18:07:33 请求路径: /proxy  请求方法：GET 
DEBUG: 18:07:33 请求路径: /proxy  请求方法：GET 
DEBUG: 18:07:33 请求路径: /proxy  请求方法：GET 
DEBUG: 18:07:33 请求路径: /proxy  请求方法：GET 
DEBUG: 18:07:33 请求路径: /proxy  请求方法：GET 
DEBUG: 18:07:33 请求路径: /proxy  请求方法：GET 
DEBUG: 18:07:33 请求路径: /proxy  请求方法：GET 
DEBUG: 18:07:33 请求路径: /proxy  请求方法：GET 
DEBUG: 18:07:33 请求路径: /proxy  请求方法：GET 
DEBUG: 18:07:33 请求路径: /proxy  请求方法：GET 
DEBUG: 18:07:33 请求路径: /proxy  请求方法：GET 
DEBUG: 18:07:33 请求路径: /proxy  请求方法：GET 
DEBUG: 18:07:33 请求路径: /proxy  请求方法：GET 
DEBUG: 18:07:33 请求路径: /proxy  请求方法：GET 
DEBUG: 18:07:33 请求路径: /proxy  请求方法：GET 
DEBUG: 18:07:33 请求路径: /proxy  请求方法：GET 
DEBUG: 18:07:33 请求路径: /proxy  请求方法：GET 
DEBUG: 18:07:33 请求路径: /proxy  请求方法：GET 
DEBUG: 18:07:33 请求路径: /proxy  请求方法：GET 
DEBUG: 18:07:33 请求路径: /proxy  请求方法：GET 
DEBUG: 18:07:33 请求路径: /proxy  请求方法：GET 
DEBUG: 18:07:33 请求路径: /proxy  请求方法：GET 
DEBUG: 18:07:33 请求路径: /proxy  请求方法：GET 
DEBUG: 18:07:33 请求路径: /proxy  请求方法：GET 
DEBUG: 18:07:33 请求路径: /proxy  请求方法：GET 
DEBUG: 18:07:33 请求路径: /proxy  请求方法：GET 
DEBUG: 18:07:33 请求路径: /proxy  请求方法：GET 
DEBUG: 18:07:33 请求路径: /proxy  请求方法：GET 
DEBUG: 18:07:33 请求路径: /proxy  请求方法：GET 
DEBUG: 18:07:33 请求路径: /proxy  请求方法：GET 
DEBUG: 18:07:33 请求路径: /proxy  请求方法：GET 
DEBUG: 18:07:33 请求路径: /proxy  请求方法：GET 
DEBUG: 18:07:33 请求路径: /proxy  请求方法：GET 
DEBUG: 18:07:33 请求路径: /proxy  请求方法：GET 
DEBUG: 18:07:33 请求路径: /proxy  请求方法：GET 
DEBUG: 18:07:33 请求路径: /proxy  请求方法：GET 
DEBUG: 18:07:33 请求路径: /proxy  请求方法：GET 
DEBUG: 18:07:33 请求路径: /proxy  请求方法：GET 
DEBUG: 18:07:33 请求路径: /proxy  请求方法：GET 
DEBUG: 18:07:33 请求路径: /proxy  请求方法：GET 
DEBUG: 18:07:33 请求路径: /proxy  请求方法：GET 
DEBUG: 18:07:33 请求路径: /proxy  请求方法：GET 
DEBUG: 18:07:33 请求路径: /proxy  请求方法：GET 
DEBUG: 18:07:33 请求路径: /proxy  请求方法：GET 
DEBUG: 18:07:33 请求路径: /proxy  请求方法：GET 
DEBUG: 18:07:33 请求路径: /proxy  请求方法：GET 
DEBUG: 18:07:33 请求路径: /proxy  请求方法：GET 
DEBUG: 18:07:33 请求路径: /proxy  请求方法：GET 
DEBUG: 18:07:33 请求路径: /proxy  请求方法：GET 
DEBUG: 18:07:33 请求路径: /proxy  请求方法：GET 
DEBUG: 18:07:33 请求路径: /proxy  请求方法：GET 
DEBUG: 18:07:33 请求路径: /proxy  请求方法：GET 
DEBUG: 18:07:33 请求路径: /proxy  请求方法：GET 
DEBUG: 18:07:33 请求路径: /proxy  请求方法：GET 
DEBUG: 18:07:33 请求路径: /proxy  请求方法：GET 
DEBUG: 18:07:33 请求路径: /proxy  请求方法：GET 
DEBUG: 18:07:33 请求路径: /proxy  请求方法：GET 
DEBUG: 18:07:33 请求路径: /proxy  请求方法：GET 
DEBUG: 18:07:33 请求路径: /proxy  请求方法：GET 
DEBUG: 18:07:33 请求路径: /proxy  请求方法：GET 
DEBUG: 18:07:33 请求路径: /proxy  请求方法：GET 
DEBUG: 18:07:33 请求路径: /proxy  请求方法：GET 
DEBUG: 18:07:33 请求路径: /proxy  请求方法：GET 
DEBUG: 18:07:33 请求路径: /proxy  请求方法：GET 
DEBUG: 18:07:33 请求路径: /proxy  请求方法：GET 
DEBUG: 18:07:33 请求路径: /proxy  请求方法：GET 
DEBUG: 18:07:33 请求路径: /proxy  请求方法：GET 
DEBUG: 18:07:33 请求路径: /proxy  请求方法：GET 
DEBUG: 18:07:33 请求路径: /proxy  请求方法：GET 
DEBUG: 18:07:33 请求路径: /proxy  请求方法：GET 
DEBUG: 18:07:33 请求路径: /proxy  请求方法：GET 
DEBUG: 18:07:33 请求路径: /proxy  请求方法：GET 
DEBUG: 18:07:33 请求路径: /proxy  请求方法：GET 
DEBUG: 18:07:33 请求路径: /proxy  请求方法：GET 
DEBUG: 18:07:33 请求路径: /proxy  请求方法：GET 
DEBUG: 18:07:33 请求路径: /proxy  请求方法：GET 
DEBUG: 18:07:33 请求路径: /proxy  请求方法：GET 
DEBUG: 18:07:33 请求路径: /proxy  请求方法：GET 
DEBUG: 18:07:33 请求路径: /proxy  请求方法：GET 
DEBUG: 18:07:33 请求路径: /proxy  请求方法：GET 
DEBUG: 18:07:33 请求路径: /proxy  请求方法：GET 
DEBUG: 18:07:33 请求路径: /proxy  请求方法：GET 
DEBUG: 18:07:33 请求路径: /proxy  请求方法：GET 
DEBUG: 18:07:33 请求路径: /proxy  请求方法：GET 
DEBUG: 18:07:33 请求路径: /proxy  请求方法：GET 
DEBUG: 18:07:33 请求路径: /proxy  请求方法：GET 
DEBUG: 18:07:33 请求路径: /proxy  请求方法：GET 
DEBUG: 18:07:33 请求路径: /proxy  请求方法：GET 
DEBUG: 18:07:33 请求路径: /proxy  请求方法：GET 
DEBUG: 18:08:21 请求路径: /proxy  请求方法：GET 
DEBUG: 18:08:22 请求路径: /favicon.ico  请求方法：GET 
DEBUG: 10:16:22 请求路径: /api/v1/login  请求方法：POST 
DEBUG: 10:16:44 请求路径: /apiIda/api/v1/eos_price2/toggleSource?source=x  请求方法：GET 
DEBUG: 10:16:50 请求路径: /apiIda/api/v1/eos_price2/toggleSource?source=x  请求方法：GET 
DEBUG: 10:17:04 请求路径: /apiIda/  请求方法：GET 
DEBUG: 10:17:12 请求路径: /apiIda/  请求方法：GET 
DEBUG: 10:17:17 请求路径: /apiIda/  请求方法：GET 
DEBUG: 10:19:31 请求路径: /apiIda/  请求方法：GET 
DEBUG: 10:21:16 请求路径: /account/  请求方法：GET 
DEBUG: 10:21:37 请求路径: /account/api/v1/login  请求方法：POST 
DEBUG: 10:21:56 请求路径: /account/api/v1/login  请求方法：POST 
DEBUG: 10:24:02 请求路径: /account/api/v1/login  请求方法：POST 
DEBUG: 10:29:34 请求路径: /account/api/v1/login  请求方法：POST 
DEBUG: 10:42:35 请求路径: /account/api/v1/login  请求方法：POST 
DEBUG: 10:44:12 请求路径: /account/api/v1/login  请求方法：POST 
DEBUG: 10:48:26 请求路径: /account/api/v1/login  请求方法：POST 
DEBUG: 10:52:21 请求路径: /account/api/v1/login  请求方法：POST 
DEBUG: 10:52:30 请求路径: /account/api/v1/login  请求方法：GET 
DEBUG: 11:03:51 请求路径: /account/api/v1/login  请求方法：GET 
DEBUG: 11:03:51 请求路径: /account/api/v1/login  请求方法：GET 
DEBUG: 11:03:53 请求路径: /account/api/v1/login  请求方法：GET 
DEBUG: 11:11:14 请求路径: /account/api/v1/login  请求方法：GET 
DEBUG: 11:11:25 请求路径: /x  请求方法：GET 
DEBUG: 11:12:03 请求路径: /x  请求方法：GET 
DEBUG: 11:12:44 请求路径: /x  请求方法：GET 
DEBUG: 11:13:22 请求路径: /x  请求方法：GET 
DEBUG: 11:17:13 请求路径: /x  请求方法：GET 
DEBUG: 11:18:51 请求路径: /x  请求方法：GET 
DEBUG: 11:19:21 请求路径: /x  请求方法：GET 
DEBUG: 11:21:16 请求路径: /x  请求方法：GET 
DEBUG: 11:23:27 请求路径: /  请求方法：GET 
DEBUG: 11:23:27 请求路径: /favicon.ico  请求方法：GET 
DEBUG: 11:24:00 请求路径: /x  请求方法：GET 
DEBUG: 11:24:00 请求路径: /x  请求方法：GET 
DEBUG: 11:24:00 请求路径: /x  请求方法：GET 
DEBUG: 11:24:00 请求路径: /x  请求方法：GET 
DEBUG: 11:24:00 请求路径: /x  请求方法：GET 
DEBUG: 11:24:00 请求路径: /x  请求方法：GET 
DEBUG: 11:24:00 请求路径: /x  请求方法：GET 
DEBUG: 11:24:00 请求路径: /x  请求方法：GET 
DEBUG: 11:24:00 请求路径: /x  请求方法：GET 
DEBUG: 11:24:00 请求路径: /x  请求方法：GET 
DEBUG: 11:24:00 请求路径: /x  请求方法：GET 
DEBUG: 11:24:00 请求路径: /x  请求方法：GET 
DEBUG: 11:24:00 请求路径: /x  请求方法：GET 
DEBUG: 11:24:00 请求路径: /x  请求方法：GET 
DEBUG: 11:24:00 请求路径: /x  请求方法：GET 
DEBUG: 11:24:00 请求路径: /x  请求方法：GET 
DEBUG: 11:24:00 请求路径: /x  请求方法：GET 
DEBUG: 11:24:00 请求路径: /x  请求方法：GET 
DEBUG: 11:24:00 请求路径: /x  请求方法：GET 
DEBUG: 11:24:00 请求路径: /x  请求方法：GET 
DEBUG: 11:24:00 请求路径: /x  请求方法：GET 
DEBUG: 11:24:00 请求路径: /x  请求方法：GET 
DEBUG: 11:24:00 请求路径: /x  请求方法：GET 
DEBUG: 11:24:00 请求路径: /x  请求方法：GET 
DEBUG: 11:24:00 请求路径: /x  请求方法：GET 
DEBUG: 11:24:00 请求路径: /x  请求方法：GET 
DEBUG: 11:24:00 请求路径: /x  请求方法：GET 
DEBUG: 11:24:00 请求路径: /x  请求方法：GET 
DEBUG: 11:24:00 请求路径: /x  请求方法：GET 
DEBUG: 11:24:00 请求路径: /x  请求方法：GET 
DEBUG: 11:24:00 请求路径: /x  请求方法：GET 
DEBUG: 11:24:00 请求路径: /x  请求方法：GET 
DEBUG: 11:24:00 请求路径: /x  请求方法：GET 
DEBUG: 11:24:00 请求路径: /x  请求方法：GET 
DEBUG: 11:24:00 请求路径: /x  请求方法：GET 
DEBUG: 11:24:00 请求路径: /x  请求方法：GET 
DEBUG: 11:24:00 请求路径: /x  请求方法：GET 
DEBUG: 11:24:00 请求路径: /x  请求方法：GET 
DEBUG: 11:24:00 请求路径: /x  请求方法：GET 
DEBUG: 11:24:00 请求路径: /x  请求方法：GET 
DEBUG: 11:24:00 请求路径: /x  请求方法：GET 
DEBUG: 11:24:00 请求路径: /x  请求方法：GET 
DEBUG: 11:24:00 请求路径: /x  请求方法：GET 
DEBUG: 11:24:00 请求路径: /x  请求方法：GET 
DEBUG: 11:24:00 请求路径: /x  请求方法：GET 
DEBUG: 11:24:00 请求路径: /x  请求方法：GET 
DEBUG: 11:24:00 请求路径: /x  请求方法：GET 
DEBUG: 11:24:00 请求路径: /x  请求方法：GET 
DEBUG: 11:24:00 请求路径: /x  请求方法：GET 
DEBUG: 11:24:00 请求路径: /x  请求方法：GET 
DEBUG: 11:24:00 请求路径: /x  请求方法：GET 
DEBUG: 11:24:00 请求路径: /x  请求方法：GET 
DEBUG: 11:24:00 请求路径: /x  请求方法：GET 
DEBUG: 11:24:00 请求路径: /x  请求方法：GET 
DEBUG: 11:24:00 请求路径: /x  请求方法：GET 
DEBUG: 11:24:00 请求路径: /x  请求方法：GET 
DEBUG: 11:24:00 请求路径: /x  请求方法：GET 
DEBUG: 11:24:00 请求路径: /x  请求方法：GET 
DEBUG: 11:24:00 请求路径: /x  请求方法：GET 
DEBUG: 11:24:00 请求路径: /x  请求方法：GET 
DEBUG: 11:24:00 请求路径: /x  请求方法：GET 
DEBUG: 11:24:00 请求路径: /x  请求方法：GET 
DEBUG: 11:24:00 请求路径: /x  请求方法：GET 
DEBUG: 11:24:00 请求路径: /x  请求方法：GET 
DEBUG: 11:24:00 请求路径: /x  请求方法：GET 
DEBUG: 11:24:00 请求路径: /x  请求方法：GET 
DEBUG: 11:24:00 请求路径: /x  请求方法：GET 
DEBUG: 11:24:00 请求路径: /x  请求方法：GET 
DEBUG: 11:24:00 请求路径: /x  请求方法：GET 
DEBUG: 11:24:00 请求路径: /x  请求方法：GET 
DEBUG: 11:24:00 请求路径: /x  请求方法：GET 
DEBUG: 11:24:00 请求路径: /x  请求方法：GET 
DEBUG: 11:24:00 请求路径: /x  请求方法：GET 
DEBUG: 11:24:00 请求路径: /x  请求方法：GET 
DEBUG: 11:24:00 请求路径: /x  请求方法：GET 
DEBUG: 11:24:00 请求路径: /x  请求方法：GET 
DEBUG: 11:24:00 请求路径: /x  请求方法：GET 
DEBUG: 11:24:00 请求路径: /x  请求方法：GET 
DEBUG: 11:24:00 请求路径: /x  请求方法：GET 
DEBUG: 11:24:00 请求路径: /x  请求方法：GET 
DEBUG: 11:24:00 请求路径: /x  请求方法：GET 
DEBUG: 11:24:00 请求路径: /x  请求方法：GET 
DEBUG: 11:24:00 请求路径: /x  请求方法：GET 
DEBUG: 11:24:00 请求路径: /x  请求方法：GET 
DEBUG: 11:24:00 请求路径: /x  请求方法：GET 
DEBUG: 11:24:00 请求路径: /x  请求方法：GET 
DEBUG: 11:24:00 请求路径: /x  请求方法：GET 
DEBUG: 11:24:00 请求路径: /x  请求方法：GET 
DEBUG: 11:24:00 请求路径: /x  请求方法：GET 
DEBUG: 11:24:00 请求路径: /x  请求方法：GET 
DEBUG: 11:24:00 请求路径: /x  请求方法：GET 
DEBUG: 11:24:00 请求路径: /x  请求方法：GET 
DEBUG: 11:24:00 请求路径: /x  请求方法：GET 
DEBUG: 11:24:00 请求路径: /x  请求方法：GET 
DEBUG: 11:24:00 请求路径: /x  请求方法：GET 
DEBUG: 11:24:00 请求路径: /x  请求方法：GET 
DEBUG: 11:24:00 请求路径: /x  请求方法：GET 
DEBUG: 11:24:00 请求路径: /x  请求方法：GET 
DEBUG: 11:24:00 请求路径: /x  请求方法：GET 
DEBUG: 11:24:00 请求路径: /x  请求方法：GET 
DEBUG: 11:24:00 请求路径: /x  请求方法：GET 
DEBUG: 11:24:00 请求路径: /x  请求方法：GET 
DEBUG: 11:24:00 请求路径: /x  请求方法：GET 
DEBUG: 11:24:00 请求路径: /x  请求方法：GET 
DEBUG: 11:24:00 请求路径: /x  请求方法：GET 
DEBUG: 11:24:00 请求路径: /x  请求方法：GET 
DEBUG: 11:24:00 请求路径: /x  请求方法：GET 
DEBUG: 11:24:00 请求路径: /x  请求方法：GET 
DEBUG: 11:24:00 请求路径: /x  请求方法：GET 
DEBUG: 11:24:00 请求路径: /x  请求方法：GET 
DEBUG: 11:24:00 请求路径: /x  请求方法：GET 
DEBUG: 11:24:00 请求路径: /x  请求方法：GET 
DEBUG: 11:24:00 请求路径: /x  请求方法：GET 
DEBUG: 11:24:00 请求路径: /x  请求方法：GET 
DEBUG: 11:24:00 请求路径: /x  请求方法：GET 
DEBUG: 11:24:00 请求路径: /x  请求方法：GET 
DEBUG: 11:24:00 请求路径: /x  请求方法：GET 
DEBUG: 11:24:00 请求路径: /x  请求方法：GET 
DEBUG: 11:24:00 请求路径: /x  请求方法：GET 
DEBUG: 11:24:00 请求路径: /x  请求方法：GET 
DEBUG: 11:24:00 请求路径: /x  请求方法：GET 
DEBUG: 11:24:01 请求路径: /x  请求方法：GET 
DEBUG: 11:24:01 请求路径: /x  请求方法：GET 
DEBUG: 11:24:01 请求路径: /x  请求方法：GET 
DEBUG: 11:24:01 请求路径: /x  请求方法：GET 
DEBUG: 11:24:01 请求路径: /x  请求方法：GET 
DEBUG: 11:24:01 请求路径: /x  请求方法：GET 
DEBUG: 11:24:01 请求路径: /x  请求方法：GET 
DEBUG: 11:24:01 请求路径: /x  请求方法：GET 
DEBUG: 11:24:01 请求路径: /x  请求方法：GET 
DEBUG: 11:24:01 请求路径: /x  请求方法：GET 
DEBUG: 11:24:01 请求路径: /x  请求方法：GET 
DEBUG: 11:24:01 请求路径: /x  请求方法：GET 
DEBUG: 11:24:01 请求路径: /x  请求方法：GET 
DEBUG: 11:24:01 请求路径: /x  请求方法：GET 
DEBUG: 11:24:01 请求路径: /x  请求方法：GET 
DEBUG: 11:24:01 请求路径: /x  请求方法：GET 
DEBUG: 11:24:01 请求路径: /x  请求方法：GET 
DEBUG: 11:24:01 请求路径: /x  请求方法：GET 
DEBUG: 11:24:01 请求路径: /x  请求方法：GET 
DEBUG: 11:24:01 请求路径: /x  请求方法：GET 
DEBUG: 11:24:01 请求路径: /x  请求方法：GET 
DEBUG: 11:24:01 请求路径: /x  请求方法：GET 
DEBUG: 11:24:01 请求路径: /x  请求方法：GET 
DEBUG: 11:24:01 请求路径: /x  请求方法：GET 
DEBUG: 11:24:01 请求路径: /x  请求方法：GET 
DEBUG: 11:24:01 请求路径: /x  请求方法：GET 
DEBUG: 11:24:01 请求路径: /x  请求方法：GET 
DEBUG: 11:24:01 请求路径: /x  请求方法：GET 
DEBUG: 11:24:01 请求路径: /x  请求方法：GET 
DEBUG: 11:24:01 请求路径: /x  请求方法：GET 
DEBUG: 11:24:01 请求路径: /x  请求方法：GET 
DEBUG: 11:24:01 请求路径: /x  请求方法：GET 
DEBUG: 11:24:01 请求路径: /x  请求方法：GET 
DEBUG: 11:24:01 请求路径: /x  请求方法：GET 
DEBUG: 11:24:01 请求路径: /x  请求方法：GET 
DEBUG: 11:24:01 请求路径: /x  请求方法：GET 
DEBUG: 11:24:01 请求路径: /x  请求方法：GET 
DEBUG: 11:24:01 请求路径: /x  请求方法：GET 
DEBUG: 11:24:01 请求路径: /x  请求方法：GET 
DEBUG: 11:24:01 请求路径: /x  请求方法：GET 
DEBUG: 11:24:01 请求路径: /x  请求方法：GET 
DEBUG: 11:24:01 请求路径: /x  请求方法：GET 
DEBUG: 11:24:01 请求路径: /x  请求方法：GET 
DEBUG: 11:24:01 请求路径: /x  请求方法：GET 
DEBUG: 11:24:01 请求路径: /x  请求方法：GET 
DEBUG: 11:24:01 请求路径: /x  请求方法：GET 
DEBUG: 11:24:01 请求路径: /x  请求方法：GET 
DEBUG: 11:24:01 请求路径: /x  请求方法：GET 
DEBUG: 11:24:01 请求路径: /x  请求方法：GET 
DEBUG: 11:24:01 请求路径: /x  请求方法：GET 
DEBUG: 11:24:01 请求路径: /x  请求方法：GET 
DEBUG: 11:24:01 请求路径: /x  请求方法：GET 
DEBUG: 11:24:01 请求路径: /x  请求方法：GET 
DEBUG: 11:24:01 请求路径: /x  请求方法：GET 
DEBUG: 11:24:01 请求路径: /x  请求方法：GET 
DEBUG: 11:24:01 请求路径: /x  请求方法：GET 
DEBUG: 11:24:01 请求路径: /x  请求方法：GET 
DEBUG: 11:24:01 请求路径: /x  请求方法：GET 
DEBUG: 11:24:01 请求路径: /x  请求方法：GET 
DEBUG: 11:24:01 请求路径: /x  请求方法：GET 
DEBUG: 11:24:01 请求路径: /x  请求方法：GET 
DEBUG: 11:24:01 请求路径: /x  请求方法：GET 
DEBUG: 11:24:01 请求路径: /x  请求方法：GET 
DEBUG: 11:24:01 请求路径: /x  请求方法：GET 
DEBUG: 11:24:01 请求路径: /x  请求方法：GET 
DEBUG: 11:24:01 请求路径: /x  请求方法：GET 
DEBUG: 11:24:01 请求路径: /x  请求方法：GET 
DEBUG: 11:24:01 请求路径: /x  请求方法：GET 
DEBUG: 11:24:01 请求路径: /x  请求方法：GET 
DEBUG: 11:24:01 请求路径: /x  请求方法：GET 
DEBUG: 11:24:01 请求路径: /x  请求方法：GET 
DEBUG: 11:24:01 请求路径: /x  请求方法：GET 
DEBUG: 11:24:01 请求路径: /x  请求方法：GET 
DEBUG: 11:24:01 请求路径: /x  请求方法：GET 
DEBUG: 11:24:01 请求路径: /x  请求方法：GET 
DEBUG: 11:24:01 请求路径: /x  请求方法：GET 
DEBUG: 11:24:01 请求路径: /x  请求方法：GET 
DEBUG: 11:24:01 请求路径: /x  请求方法：GET 
DEBUG: 11:24:01 请求路径: /x  请求方法：GET 
DEBUG: 11:24:01 请求路径: /x  请求方法：GET 
DEBUG: 11:24:01 请求路径: /x  请求方法：GET 
DEBUG: 11:24:01 请求路径: /x  请求方法：GET 
DEBUG: 11:24:01 请求路径: /x  请求方法：GET 
DEBUG: 11:24:01 请求路径: /x  请求方法：GET 
DEBUG: 11:24:01 请求路径: /x  请求方法：GET 
DEBUG: 11:24:01 请求路径: /x  请求方法：GET 
DEBUG: 11:24:01 请求路径: /x  请求方法：GET 
DEBUG: 11:24:01 请求路径: /x  请求方法：GET 
DEBUG: 11:24:01 请求路径: /x  请求方法：GET 
DEBUG: 11:24:01 请求路径: /x  请求方法：GET 
DEBUG: 11:24:01 请求路径: /x  请求方法：GET 
DEBUG: 11:24:01 请求路径: /x  请求方法：GET 
DEBUG: 11:24:01 请求路径: /x  请求方法：GET 
DEBUG: 11:24:01 请求路径: /x  请求方法：GET 
DEBUG: 11:24:01 请求路径: /x  请求方法：GET 
DEBUG: 11:24:01 请求路径: /x  请求方法：GET 
DEBUG: 11:24:01 请求路径: /x  请求方法：GET 
DEBUG: 11:24:01 请求路径: /x  请求方法：GET 
DEBUG: 11:24:01 请求路径: /x  请求方法：GET 
DEBUG: 11:24:01 请求路径: /x  请求方法：GET 
DEBUG: 11:24:01 请求路径: /x  请求方法：GET 
DEBUG: 11:24:01 请求路径: /x  请求方法：GET 
DEBUG: 11:24:01 请求路径: /x  请求方法：GET 
DEBUG: 11:24:01 请求路径: /x  请求方法：GET 
DEBUG: 11:24:01 请求路径: /x  请求方法：GET 
DEBUG: 11:24:01 请求路径: /x  请求方法：GET 
DEBUG: 11:24:01 请求路径: /x  请求方法：GET 
DEBUG: 11:24:01 请求路径: /x  请求方法：GET 
DEBUG: 11:24:01 请求路径: /x  请求方法：GET 
DEBUG: 11:24:01 请求路径: /x  请求方法：GET 
DEBUG: 11:24:01 请求路径: /x  请求方法：GET 
DEBUG: 11:24:01 请求路径: /x  请求方法：GET 
DEBUG: 11:24:01 请求路径: /x  请求方法：GET 
DEBUG: 11:24:01 请求路径: /x  请求方法：GET 
DEBUG: 11:24:01 请求路径: /x  请求方法：GET 
DEBUG: 11:24:01 请求路径: /x  请求方法：GET 
DEBUG: 11:24:01 请求路径: /x  请求方法：GET 
DEBUG: 11:24:01 请求路径: /x  请求方法：GET 
DEBUG: 11:24:01 请求路径: /x  请求方法：GET 
DEBUG: 11:24:01 请求路径: /x  请求方法：GET 
DEBUG: 11:24:01 请求路径: /x  请求方法：GET 
DEBUG: 11:24:01 请求路径: /x  请求方法：GET 
DEBUG: 11:24:01 请求路径: /x  请求方法：GET 
DEBUG: 11:24:01 请求路径: /x  请求方法：GET 
DEBUG: 11:24:01 请求路径: /x  请求方法：GET 
DEBUG: 11:24:01 请求路径: /x  请求方法：GET 
DEBUG: 11:24:01 请求路径: /x  请求方法：GET 
DEBUG: 11:24:01 请求路径: /x  请求方法：GET 
DEBUG: 11:24:01 请求路径: /x  请求方法：GET 
DEBUG: 11:24:01 请求路径: /x  请求方法：GET 
DEBUG: 11:24:01 请求路径: /x  请求方法：GET 
DEBUG: 11:24:01 请求路径: /x  请求方法：GET 
DEBUG: 11:24:01 请求路径: /x  请求方法：GET 
DEBUG: 11:24:01 请求路径: /x  请求方法：GET 
DEBUG: 11:24:01 请求路径: /x  请求方法：GET 
DEBUG: 11:24:01 请求路径: /x  请求方法：GET 
DEBUG: 11:24:01 请求路径: /x  请求方法：GET 
DEBUG: 11:24:01 请求路径: /x  请求方法：GET 
DEBUG: 11:24:01 请求路径: /x  请求方法：GET 
DEBUG: 11:24:01 请求路径: /x  请求方法：GET 
DEBUG: 11:24:01 请求路径: /x  请求方法：GET 
DEBUG: 11:24:01 请求路径: /x  请求方法：GET 
DEBUG: 11:24:01 请求路径: /x  请求方法：GET 
DEBUG: 11:24:01 请求路径: /x  请求方法：GET 
DEBUG: 11:24:01 请求路径: /x  请求方法：GET 
DEBUG: 11:24:01 请求路径: /x  请求方法：GET 
DEBUG: 11:24:01 请求路径: /x  请求方法：GET 
DEBUG: 11:24:01 请求路径: /x  请求方法：GET 
DEBUG: 11:24:01 请求路径: /x  请求方法：GET 
DEBUG: 11:24:01 请求路径: /x  请求方法：GET 
DEBUG: 11:24:01 请求路径: /x  请求方法：GET 
DEBUG: 11:24:01 请求路径: /x  请求方法：GET 
DEBUG: 11:24:01 请求路径: /x  请求方法：GET 
DEBUG: 11:24:01 请求路径: /x  请求方法：GET 
DEBUG: 11:24:01 请求路径: /x  请求方法：GET 
DEBUG: 11:24:01 请求路径: /x  请求方法：GET 
DEBUG: 11:24:01 请求路径: /x  请求方法：GET 
DEBUG: 11:24:01 请求路径: /x  请求方法：GET 
DEBUG: 11:24:01 请求路径: /x  请求方法：GET 
DEBUG: 11:24:01 请求路径: /x  请求方法：GET 
DEBUG: 11:24:01 请求路径: /x  请求方法：GET 
DEBUG: 11:24:01 请求路径: /x  请求方法：GET 
DEBUG: 11:24:01 请求路径: /x  请求方法：GET 
DEBUG: 11:24:01 请求路径: /x  请求方法：GET 
DEBUG: 11:24:01 请求路径: /x  请求方法：GET 
DEBUG: 11:24:01 请求路径: /x  请求方法：GET 
DEBUG: 11:24:01 请求路径: /x  请求方法：GET 
DEBUG: 11:24:01 请求路径: /x  请求方法：GET 
DEBUG: 11:24:01 请求路径: /x  请求方法：GET 
DEBUG: 11:24:01 请求路径: /x  请求方法：GET 
DEBUG: 11:24:01 请求路径: /x  请求方法：GET 
DEBUG: 11:24:01 请求路径: /x  请求方法：GET 
DEBUG: 11:24:01 请求路径: /x  请求方法：GET 
DEBUG: 11:24:01 请求路径: /x  请求方法：GET 
DEBUG: 11:24:01 请求路径: /x  请求方法：GET 
DEBUG: 11:24:01 请求路径: /x  请求方法：GET 
DEBUG: 11:24:01 请求路径: /x  请求方法：GET 
DEBUG: 11:24:01 请求路径: /x  请求方法：GET 
DEBUG: 11:24:01 请求路径: /x  请求方法：GET 
DEBUG: 11:24:01 请求路径: /x  请求方法：GET 
DEBUG: 11:24:01 请求路径: /x  请求方法：GET 
DEBUG: 11:24:01 请求路径: /x  请求方法：GET 
DEBUG: 11:24:01 请求路径: /x  请求方法：GET 
DEBUG: 11:24:01 请求路径: /x  请求方法：GET 
DEBUG: 11:24:01 请求路径: /x  请求方法：GET 
DEBUG: 11:24:01 请求路径: /x  请求方法：GET 
DEBUG: 11:24:01 请求路径: /x  请求方法：GET 
DEBUG: 11:24:01 请求路径: /x  请求方法：GET 
DEBUG: 11:24:01 请求路径: /x  请求方法：GET 
DEBUG: 11:24:01 请求路径: /x  请求方法：GET 
DEBUG: 11:24:01 请求路径: /x  请求方法：GET 
DEBUG: 11:24:01 请求路径: /x  请求方法：GET 
DEBUG: 11:24:01 请求路径: /x  请求方法：GET 
DEBUG: 11:24:01 请求路径: /x  请求方法：GET 
DEBUG: 11:24:01 请求路径: /x  请求方法：GET 
DEBUG: 11:24:01 请求路径: /x  请求方法：GET 
DEBUG: 11:24:01 请求路径: /x  请求方法：GET 
DEBUG: 11:24:01 请求路径: /x  请求方法：GET 
DEBUG: 11:24:01 请求路径: /x  请求方法：GET 
DEBUG: 11:24:01 请求路径: /x  请求方法：GET 
DEBUG: 11:24:01 请求路径: /x  请求方法：GET 
DEBUG: 11:24:01 请求路径: /x  请求方法：GET 
DEBUG: 11:24:01 请求路径: /x  请求方法：GET 
DEBUG: 11:24:01 请求路径: /x  请求方法：GET 
DEBUG: 11:24:01 请求路径: /x  请求方法：GET 
DEBUG: 11:24:01 请求路径: /x  请求方法：GET 
DEBUG: 11:24:01 请求路径: /x  请求方法：GET 
DEBUG: 11:24:01 请求路径: /x  请求方法：GET 
DEBUG: 11:24:01 请求路径: /x  请求方法：GET 
DEBUG: 11:24:01 请求路径: /x  请求方法：GET 
DEBUG: 11:24:01 请求路径: /x  请求方法：GET 
DEBUG: 11:24:01 请求路径: /x  请求方法：GET 
DEBUG: 11:24:01 请求路径: /x  请求方法：GET 
DEBUG: 11:24:01 请求路径: /x  请求方法：GET 
DEBUG: 11:24:01 请求路径: /x  请求方法：GET 
DEBUG: 11:24:01 请求路径: /x  请求方法：GET 
DEBUG: 11:24:01 请求路径: /x  请求方法：GET 
DEBUG: 11:24:01 请求路径: /x  请求方法：GET 
DEBUG: 11:26:58 请求路径: /x  请求方法：POST 
DEBUG: 11:27:33 请求路径: /x  请求方法：POST 
DEBUG: 11:27:34 请求路径: /x  请求方法：POST 
DEBUG: 11:27:35 请求路径: /x  请求方法：POST 
DEBUG: 11:27:36 请求路径: /x  请求方法：POST 
DEBUG: 11:27:46 请求路径: /x  请求方法：POST 
DEBUG: 11:27:47 请求路径: /x  请求方法：POST 
DEBUG: 11:27:48 请求路径: /x  请求方法：POST 
DEBUG: 11:27:48 请求路径: /x  请求方法：POST 
DEBUG: 11:27:48 请求路径: /x  请求方法：POST 
DEBUG: 11:27:49 请求路径: /x  请求方法：POST 
DEBUG: 11:27:49 请求路径: /x  请求方法：POST 
DEBUG: 11:27:52 请求路径: /x  请求方法：POST 
DEBUG: 11:28:13 请求路径: /x  请求方法：POST 
DEBUG: 11:28:14 请求路径: /x  请求方法：POST 
DEBUG: 11:28:14 请求路径: /x  请求方法：POST 
DEBUG: 11:28:15 请求路径: /x  请求方法：POST 
DEBUG: 11:28:15 请求路径: /x  请求方法：POST 
DEBUG: 11:28:15 请求路径: /x  请求方法：POST 
DEBUG: 11:28:16 请求路径: /x  请求方法：POST 
DEBUG: 11:28:16 请求路径: /x  请求方法：POST 
DEBUG: 11:28:16 请求路径: /x  请求方法：POST 
DEBUG: 11:28:16 请求路径: /x  请求方法：POST 
DEBUG: 11:28:17 请求路径: /x  请求方法：POST 
DEBUG: 11:28:17 请求路径: /x  请求方法：POST 
DEBUG: 11:28:18 请求路径: /x  请求方法：POST 
DEBUG: 11:28:19 请求路径: /x  请求方法：POST 
DEBUG: 11:28:47 请求路径: /x  请求方法：POST 
DEBUG: 11:28:49 请求路径: /x  请求方法：POST 
DEBUG: 11:28:50 请求路径: /x  请求方法：POST 
DEBUG: 11:28:50 请求路径: /x  请求方法：POST 
DEBUG: 11:28:57 请求路径: /xc  请求方法：POST 
DEBUG: 11:29:00 请求路径: /xca  请求方法：POST 
DEBUG: 11:29:02 请求路径: /  请求方法：POST 
DEBUG: 11:29:05 请求路径: /  请求方法：POST 
DEBUG: 11:29:05 请求路径: /  请求方法：POST 
DEBUG: 11:29:06 请求路径: /  请求方法：POST 
DEBUG: 11:29:06 请求路径: /  请求方法：POST 
DEBUG: 11:29:06 请求路径: /  请求方法：POST 
DEBUG: 11:29:33 请求路径: /  请求方法：POST 
DEBUG: 11:29:35 请求路径: /  请求方法：POST 
DEBUG: 11:30:24 请求路径: /  请求方法：POST 
DEBUG: 11:30:26 请求路径: /  请求方法：POST 
DEBUG: 11:30:27 请求路径: /  请求方法：POST 
DEBUG: 11:30:34 请求路径: /x  请求方法：POST 
DEBUG: 11:30:42 请求路径: /x  请求方法：POST 
DEBUG: 11:31:04 请求路径: /api/v1/login  请求方法：POST 
DEBUG: 11:31:05 登录请求发生错误： 字段校验不通过
DEBUG: 11:31:07 请求路径: /x  请求方法：POST 
DEBUG: 11:32:22 请求路径: /x  请求方法：POST 
DEBUG: 11:32:26 请求路径: /login  请求方法：POST 
DEBUG: 11:32:47 请求路径: /login  请求方法：POST 
DEBUG: 11:40:13 请求路径: /api/v1/login  请求方法：POST 
DEBUG: 11:40:14 登录请求发生错误： 帐号只含有数字、字母、下划线，不能以下划线、数字开头和下划线结尾, 长度4-20
DEBUG: 11:40:42 请求路径: /account  请求方法：POST 
DEBUG: 11:41:10 请求路径: /account  请求方法：POST 
DEBUG: 11:42:15 请求路径: /account  请求方法：POST 
DEBUG: 11:42:18 请求路径: /account  请求方法：POST 
DEBUG: 11:42:36 请求路径: /account  请求方法：POST 
DEBUG: 11:45:04 请求路径: /account/  请求方法：POST 
DEBUG: 11:45:09 请求路径: /account  请求方法：POST 
DEBUG: 11:45:19 请求路径: /account  请求方法：POST 
DEBUG: 11:47:06 请求路径: /account  请求方法：POST 
DEBUG: 12:01:25 请求路径: /account  请求方法：POST 
DEBUG: 12:01:34 请求路径: /account  请求方法：POST 
DEBUG: 13:48:01 请求路径: /account  请求方法：POST 
DEBUG: 13:49:58 请求路径: /account  请求方法：POST 
DEBUG: 14:51:45 请求路径: /account  请求方法：POST 
DEBUG: 14:51:54 请求路径: /account  请求方法：POST 
DEBUG: 14:53:34 请求路径: /account  请求方法：POST 
DEBUG: 14:54:01 请求路径: /account  请求方法：POST 
DEBUG: 15:05:14 请求路径: /account  请求方法：POST 
DEBUG: 15:05:57 请求路径: /account  请求方法：POST 
DEBUG: 15:06:05 请求路径: /account  请求方法：POST 
DEBUG: 15:06:09 请求路径: /account  请求方法：POST 
DEBUG: 15:07:46 请求路径: /account  请求方法：POST 
DEBUG: 15:08:25 请求路径: /account  请求方法：POST 
DEBUG: 15:09:46 请求路径: /account  请求方法：POST 
DEBUG: 15:09:51 请求路径: /account  请求方法：POST 
DEBUG: 15:10:05 请求路径: /account/xxx  请求方法：POST 
DEBUG: 15:10:30 请求路径: /account/xxx  请求方法：POST 
DEBUG: 15:10:53 请求路径: /account/xxx  请求方法：POST 
DEBUG: 15:11:06 请求路径: /account/xxx  请求方法：POST 
DEBUG: 15:12:26 请求路径: /account/api/v1/login  请求方法：POST 
DEBUG: 15:13:26 请求路径: /account/api/v1/login  请求方法：POST 
DEBUG: 15:14:20 请求路径: /account/api/v1/login  请求方法：POST 
DEBUG: 15:15:26 请求路径: /account/api/v1/login  请求方法：POST 
DEBUG: 15:15:38 请求路径: /account/api/v1/login  请求方法：POST 
DEBUG: 15:16:05 请求路径: /account/api/v1/login  请求方法：POST 
DEBUG: 15:17:05 请求路径: /account/api/v1/login  请求方法：POST 
DEBUG: 15:17:32 请求路径: /account/api/v1/login  请求方法：POST 
DEBUG: 15:45:58 请求路径: /account/api/v1/login  请求方法：POST 
DEBUG: 15:46:02 请求路径: /account/api/v1/login  请求方法：POST 
DEBUG: 15:46:04 请求路径: /account/api/v1/login  请求方法：POST 
DEBUG: 15:51:11 请求路径: /account/api/v1/login  请求方法：POST 
DEBUG: 15:51:24 请求路径: /account/api/v1/login  请求方法：POST 
DEBUG: 15:52:09 请求路径: /account/api/v1/login  请求方法：POST 
DEBUG: 15:52:12 请求路径: /account/api/v1/login  请求方法：POST 
DEBUG: 15:52:13 请求路径: /account/api/v1/login  请求方法：POST 
DEBUG: 15:52:14 请求路径: /account/api/v1/login  请求方法：POST 
DEBUG: 15:52:15 请求路径: /account/api/v1/login  请求方法：POST 
DEBUG: 15:52:17 请求路径: /account/api/v1/login  请求方法：POST 
DEBUG: 15:52:18 请求路径: /account/api/v1/login  请求方法：POST 
DEBUG: 15:52:18 请求路径: /account/api/v1/login  请求方法：POST 
DEBUG: 15:52:19 请求路径: /account/api/v1/login  请求方法：POST 
DEBUG: 15:54:28 请求路径: /account/api/v1/login  请求方法：POST 
DEBUG: 15:55:17 请求路径: /account/api/v1/login  请求方法：POST 
DEBUG: 15:56:00 请求路径: /account/api/v1/login  请求方法：POST 
DEBUG: 15:56:04 请求路径: /account/api/v1/login  请求方法：POST 
DEBUG: 15:57:04 请求路径: /account/api/v1/login  请求方法：POST 
DEBUG: 16:53:21 请求路径: /account/api/v1/login  请求方法：POST 
DEBUG: 16:53:25 请求路径: /account/api/v1/login  请求方法：POST 
DEBUG: 16:53:26 请求路径: /account/api/v1/login  请求方法：POST 
DEBUG: 16:54:12 请求路径: /account/api/v1/login  请求方法：POST 
DEBUG: 16:54:16 请求路径: /account/api/v1/login  请求方法：POST 
DEBUG: 16:54:19 请求路径: /account/api/v1/login  请求方法：POST 
DEBUG: 16:54:21 请求路径: /account/api/v1/login  请求方法：POST 
DEBUG: 17:05:50 请求路径: /api/v1/loginout  请求方法：POST 
DEBUG: 17:06:00 请求路径: /api/v1/loginout  请求方法：POST 
DEBUG: 17:06:25 请求路径: /api/v1/login  请求方法：POST 
DEBUG: 17:06:37 请求路径: /api/v1/loginout  请求方法：POST 
DEBUG: 17:06:43 请求路径: /api/v1/loginout  请求方法：POST 
DEBUG: 17:06:51 请求路径: /api/v1/loginout  请求方法：POST 
DEBUG: 17:08:05 请求路径: /api/v1/loginout  请求方法：POST 
DEBUG: 17:38:12 请求路径: /api/v1/loginout  请求方法：POST 
DEBUG: 17:38:35 请求路径: /api/v1/loginout  请求方法：POST 
DEBUG: 17:38:55 请求路径: /api/v1/loginout  请求方法：POST 
DEBUG: 17:47:22 请求路径: /api/v1/loginout  请求方法：POST 
DEBUG: 17:47:54 请求路径: /api/v1/loginout  请求方法：POST 
DEBUG: 18:06:00 请求路径: /api/v1/loginout  请求方法：POST 
DEBUG: 18:06:28 请求路径: /api/v1/loginout  请求方法：POST 
DEBUG: 18:07:22 请求路径: /api/v1/loginout  请求方法：POST 
DEBUG: 18:07:41 请求路径: /api/v1/loginout  请求方法：POST 
DEBUG: 18:08:12 请求路径: /api/v1/loginout  请求方法：POST 
DEBUG: 18:13:02 请求路径: /api/v1/loginout  请求方法：POST 
DEBUG: 09:39:25 请求路径: /api/v1/login  请求方法：POST 
DEBUG: 09:39:43 请求路径: /account/api/v1/login  请求方法：POST 
DEBUG: 09:40:04 请求路径: /api/v1/loginout  请求方法：POST 
DEBUG: 09:40:07 请求路径: /api/v1/loginout  请求方法：POST 
DEBUG: 09:40:13 请求路径: /api/v1/loginout  请求方法：POST 
DEBUG: 09:41:46 请求路径: /api/v1/login  请求方法：POST 
DEBUG: 09:41:53 请求路径: /api/v1/loginout  请求方法：POST 
DEBUG: 09:42:13 请求路径: /api/v1/loginout  请求方法：POST 
DEBUG: 09:42:28 请求路径: /api/v1/loginout  请求方法：POST 
DEBUG: 09:57:46 请求路径: /api/v1/loginout  请求方法：POST 
DEBUG: 09:58:25 请求路径: /api/v1/login  请求方法：POST 
DEBUG: 09:58:48 请求路径: /api/v1/loginout  请求方法：POST 
DEBUG: 10:04:24 请求路径: /api/v1/login  请求方法：POST 
DEBUG: 10:04:36 请求路径: /api/v1/loginout  请求方法：POST 
DEBUG: 10:05:05 请求路径: /account/api/v1/logino  请求方法：POST 
DEBUG: 10:05:10 请求路径: /account/api/v1/login  请求方法：POST 
